#
# There is insufficient memory for the Java Runtime Environment to continue.
# Native memory allocation (mmap) failed to map 29360128 bytes for G1 virtual space
# Possible reasons:
#   The system is out of physical RAM or swap space
#   The process is running with CompressedOops enabled, and the Java Heap may be blocking the growth of the native heap
# Possible solutions:
#   Reduce memory load on the system
#   Increase physical memory or swap space
#   Check if swap backing store is full
#   Decrease Java heap size (-Xmx/-Xms)
#   Decrease number of Java threads
#   Decrease Java thread stack sizes (-Xss)
#   Set larger code cache with -XX:ReservedCodeCacheSize=
#   JVM is running with Unscaled Compressed Oops mode in which the Java heap is
#     placed in the first 4GB address space. The Java Heap base address is the
#     maximum limit for the native heap growth. Please use -XX:HeapBaseMinAddress
#     to set the Java Heap base and to place the Java Heap above 4GB virtual address.
# This output file may be truncated or incomplete.
#
#  Out of Memory Error (./open/src/hotspot/os/windows/os_windows.cpp:3472), pid=25880, tid=22116
#
# JRE version: OpenJDK Runtime Environment (15.0.1+9) (build 15.0.1+9-18)
# Java VM: OpenJDK 64-Bit Server VM (15.0.1+9-18, mixed mode, tiered, compressed oops, g1 gc, windows-amd64)
# No core dump will be written. Minidumps are not enabled by default on client versions of Windows
#

---------------  S U M M A R Y ------------

Command Line: -ea -Dfile.encoding=Cp1252 -Djava.net.preferIPv4Stack=true org.testng.remote.RemoteTestNG -serport 54012 -protocol json -d C:\Nourhan\selenium_Demo_task\task\test-output C:\Users\Nourhan\AppData\Local\Temp\testng-eclipse--931384234\testng-customsuite.xml

Host: Intel(R) Core(TM) i7-8565U CPU @ 1.80GHz, 8 cores, 7G,  Windows 10 , 64 bit Build 19041 (10.0.19041.1566)
Time: Sun Apr 17 02:17:47 2022 Egypt Standard Time elapsed time: 20.406410 seconds (0d 0h 0m 20s)

---------------  T H R E A D  ---------------

Current thread (0x0000016a04eeb2d0):  VMThread "VM Thread" [stack: 0x0000005580a00000,0x0000005580b00000] [id=22116]

Stack: [0x0000005580a00000,0x0000005580b00000]
[error occurred during error reporting (printing stack bounds), id 0xc0000005, EXCEPTION_ACCESS_VIOLATION (0xc0000005) at pc=0x0000016a6d5e10ad]

Native frames: (J=compiled Java code, j=interpreted, Vv=VM code, C=native code)
V  [jvm.dll+0x62ae9a]
V  [jvm.dll+0x781389]
V  [jvm.dll+0x782ae3]
V  [jvm.dll+0x7830a5]
V  [jvm.dll+0x78305b]
V  [jvm.dll+0x62a2b9]
V  [jvm.dll+0x62aa88]
C  [ntdll.dll+0xa20cf]
C  [ntdll.dll+0x51454]
C  [ntdll.dll+0xa0bfe]
C  0x0000016a6d5e10ad

VM_Operation (0x00000055806ff960): G1Concurrent, mode: safepoint, requested by thread 0x0000016a68451cf0


---------------  P R O C E S S  ---------------

Threads class SMR info:
_java_thread_list=0x0000016a06a97f60, length=30, elements={
0x0000016a683fefb0, 0x0000016a046d1030, 0x0000016a046d1ae0, 0x0000016a04f2f020,
0x0000016a04f318f0, 0x0000016a04f323a0, 0x0000016a04f33180, 0x0000016a04faada0,
0x0000016a04fb33e0, 0x0000016a050d8600, 0x0000016a050cdd10, 0x0000016a055e6590,
0x0000016a060370f0, 0x0000016a05fc07b0, 0x0000016a06475ac0, 0x0000016a067fb300,
0x0000016a06312890, 0x0000016a067fb7d0, 0x0000016a0633bf60, 0x0000016a061c4a20,
0x0000016a061c4080, 0x0000016a061c1ed0, 0x0000016a061c23a0, 0x0000016a061c36e0,
0x0000016a061c2870, 0x0000016a061c1060, 0x0000016a061c3210, 0x0000016a061c2d40,
0x0000016a061c3bb0, 0x0000016a061c4550
}

Java Threads: ( => current thread )
  0x0000016a683fefb0 JavaThread "Forwarding clickElement on session c0e180fb0c362e5e6f4e08a9a490a4c7 to remote" [_thread_blocked, id=46020, stack(0x0000005580400000,0x0000005580500000)]
  0x0000016a046d1030 JavaThread "Reference Handler" daemon [_thread_blocked, id=46240, stack(0x0000005580b00000,0x0000005580c00000)]
  0x0000016a046d1ae0 JavaThread "Finalizer" daemon [_thread_blocked, id=41528, stack(0x0000005580c00000,0x0000005580d00000)]
  0x0000016a04f2f020 JavaThread "Signal Dispatcher" daemon [_thread_blocked, id=45760, stack(0x0000005580d00000,0x0000005580e00000)]
  0x0000016a04f318f0 JavaThread "Attach Listener" daemon [_thread_blocked, id=46012, stack(0x0000005580e00000,0x0000005580f00000)]
  0x0000016a04f323a0 JavaThread "Service Thread" daemon [_thread_blocked, id=46292, stack(0x0000005580f00000,0x0000005581000000)]
  0x0000016a04f33180 JavaThread "C2 CompilerThread0" daemon [_thread_blocked, id=15372, stack(0x0000005581000000,0x0000005581100000)]
  0x0000016a04faada0 JavaThread "C1 CompilerThread0" daemon [_thread_blocked, id=43688, stack(0x0000005581100000,0x0000005581200000)]
  0x0000016a04fb33e0 JavaThread "Sweeper thread" daemon [_thread_blocked, id=9888, stack(0x0000005581200000,0x0000005581300000)]
  0x0000016a050d8600 JavaThread "Notification Thread" daemon [_thread_blocked, id=43812, stack(0x0000005581300000,0x0000005581400000)]
  0x0000016a050cdd10 JavaThread "Common-Cleaner" daemon [_thread_blocked, id=19536, stack(0x0000005581500000,0x0000005581600000)]
  0x0000016a055e6590 JavaThread "ReaderThread" [_thread_in_native, id=3108, stack(0x0000005581800000,0x0000005581900000)]
  0x0000016a060370f0 JavaThread "ForkJoinPool.commonPool-worker-3" daemon [_thread_blocked, id=46924, stack(0x0000005581600000,0x0000005581700000)]
  0x0000016a05fc07b0 JavaThread "AsyncHttpClient-1-1" daemon [_thread_blocked, id=12236, stack(0x0000005581c00000,0x0000005581d00000)]
  0x0000016a06475ac0 JavaThread "Exec Default Executor" daemon [_thread_in_native, id=16428, stack(0x0000005582000000,0x0000005582100000)]
  0x0000016a067fb300 JavaThread "Driver Service Executor" daemon [_thread_blocked, id=3696, stack(0x0000005582100000,0x0000005582200000)]
  0x0000016a06312890 JavaThread "Driver Service Executor" daemon [_thread_blocked, id=47064, stack(0x0000005582200000,0x0000005582300000)]
  0x0000016a067fb7d0 JavaThread "UrlChecker-2" daemon [_thread_blocked, id=30280, stack(0x0000005582300000,0x0000005582400000)]
  0x0000016a0633bf60 JavaThread "Exec Stream Pumper" daemon [_thread_in_native, id=8084, stack(0x0000005582400000,0x0000005582500000)]
  0x0000016a061c4a20 JavaThread "Exec Stream Pumper" daemon [_thread_in_native, id=18180, stack(0x0000005582500000,0x0000005582600000)]
  0x0000016a061c4080 JavaThread "AsyncHttpClient-1-2" daemon [_thread_in_native, id=16992, stack(0x0000005581e00000,0x0000005581f00000)]
  0x0000016a061c1ed0 JavaThread "AsyncHttpClient-1-3" daemon [_thread_in_native, id=9720, stack(0x0000005582600000,0x0000005582700000)]
  0x0000016a061c23a0 JavaThread "AsyncHttpClient-1-4" daemon [_thread_in_native, id=33540, stack(0x0000005581d00000,0x0000005581e00000)]
  0x0000016a061c36e0 JavaThread "AsyncHttpClient-1-5" daemon [_thread_in_native, id=46920, stack(0x0000005582700000,0x0000005582800000)]
  0x0000016a061c2870 JavaThread "AsyncHttpClient-1-6" daemon [_thread_in_native, id=13136, stack(0x0000005582800000,0x0000005582900000)]
  0x0000016a061c1060 JavaThread "AsyncHttpClient-1-7" daemon [_thread_in_native, id=16832, stack(0x0000005582900000,0x0000005582a00000)]
  0x0000016a061c3210 JavaThread "AsyncHttpClient-1-8" daemon [_thread_in_native, id=44796, stack(0x0000005582a00000,0x0000005582b00000)]
  0x0000016a061c2d40 JavaThread "AsyncHttpClient-1-9" daemon [_thread_in_native, id=44232, stack(0x0000005582b00000,0x0000005582c00000)]
  0x0000016a061c3bb0 JavaThread "AsyncHttpClient-1-10" daemon [_thread_in_native, id=42260, stack(0x0000005582d00000,0x0000005582e00000)]
  0x0000016a061c4550 JavaThread "AsyncHttpClient-1-11" daemon [_thread_in_native, id=45048, stack(0x0000005582e00000,0x0000005582f00000)]

Other Threads:
=>0x0000016a04eeb2d0 VMThread "VM Thread" [stack: 0x0000005580a00000,0x0000005580b00000] [id=22116]
  0x0000016a050d8ad0 WatcherThread [stack: 0x0000005581400000,0x0000005581500000] [id=42912]
  0x0000016a6843fdd0 GCTaskThread "GC Thread#0" [stack: 0x0000005580500000,0x0000005580600000] [id=34756]
  0x0000016a050b7df0 GCTaskThread "GC Thread#1" [stack: 0x0000005581900000,0x0000005581a00000] [id=37556]
  0x0000016a050ba430 GCTaskThread "GC Thread#2" [stack: 0x0000005581a00000,0x0000005581b00000] [id=43856]
  0x0000016a050b9aa0 GCTaskThread "GC Thread#3" [stack: 0x0000005581b00000,0x0000005581c00000] [id=9616]
  0x0000016a050bb0f0 GCTaskThread "GC Thread#4" [stack: 0x0000005582c00000,0x0000005582d00000] [id=44884]
  0x0000016a050b9440 GCTaskThread "GC Thread#5" [stack: 0x0000005582f00000,0x0000005583000000] [id=35812]
  0x0000016a68451cf0 ConcurrentGCThread "G1 Main Marker" [stack: 0x0000005580600000,0x0000005580700000] [id=40288]
  0x0000016a684538f0 ConcurrentGCThread "G1 Conc#0" [stack: 0x0000005580700000,0x0000005580800000] [id=45440]
  0x0000016a050b8de0 ConcurrentGCThread "G1 Conc#1" [stack: 0x0000005581f00000,0x0000005582000000] [id=41588]
  0x0000016a684cd9d0 ConcurrentGCThread "G1 Refine#0" [stack: 0x0000005580800000,0x0000005580900000] [id=18224]
  0x0000016a684ce5d0 ConcurrentGCThread "G1 Young RemSet Sampling" [stack: 0x0000005580900000,0x0000005580a00000] [id=45532]

Threads with active compile tasks:

VM state: at safepoint (normal execution)

VM Mutex/Monitor currently owned by a thread:  ([mutex/lock_event])
[0x0000016a683f9a60] Threads_lock - owner thread: 0x0000016a04eeb2d0
[0x0000016a683f9b80] Heap_lock - owner thread: 0x0000016a68451cf0

Heap address: 0x0000000081e00000, size: 2018 MB, Compressed Oops mode: 32-bit
CDS disabled.
Compressed class space mapped at: 0x0000000100000000-0x0000000140000000, size: 1073741824
Narrow klass base: 0x0000000000000000, Narrow klass shift: 3, Narrow klass range: 0x140000000

GC Precious Log:
 CPUs: 8 total, 8 available
 Memory: 8071M
 Large Page Support: Disabled
 NUMA Support: Disabled
 Compressed Oops: Enabled (32-bit)
 Heap Region Size: 1M
 Heap Min Capacity: 8M
 Heap Initial Capacity: 128M
 Heap Max Capacity: 2018M
 Pre-touch: Disabled
 Parallel Workers: 8
 Concurrent Workers: 2
 Concurrent Refinement Workers: 8
 Periodic GC: Disabled

Heap:
 garbage-first heap   total 312320K, used 185424K [0x0000000081e00000, 0x0000000100000000)
  region size 1024K, 3 young (3072K), 2 survivors (2048K)
 Metaspace       used 30268K, capacity 30534K, committed 30720K, reserved 1077248K
  class space    used 3367K, capacity 3471K, committed 3584K, reserved 1048576K

Heap Regions: E=young(eden), S=young(survivor), O=old, HS=humongous(starts), HC=humongous(continues), CS=collection set, F=free, OA=open archive, CA=closed archive, TAMS=top-at-mark-start (previous, next)
|   0|0x0000000081e00000, 0x0000000081f00000, 0x0000000081f00000|100%| O|  |TAMS 0x0000000081f00000, 0x0000000081e00000| Updating 
|   1|0x0000000081f00000, 0x0000000082000000, 0x0000000082000000|100%| O|  |TAMS 0x0000000082000000, 0x0000000081f00000| Updating 
|   2|0x0000000082000000, 0x0000000082100000, 0x0000000082100000|100%| O|  |TAMS 0x0000000082100000, 0x0000000082000000| Updating 
|   3|0x0000000082100000, 0x0000000082200000, 0x0000000082200000|100%| O|  |TAMS 0x0000000082200000, 0x0000000082100000| Updating 
|   4|0x0000000082200000, 0x000000008227d400, 0x0000000082300000| 48%| O|  |TAMS 0x000000008227d400, 0x0000000082200000| Updating 
|   5|0x0000000082300000, 0x0000000082400000, 0x0000000082400000|100%| O|  |TAMS 0x0000000082400000, 0x0000000082300000| Updating 
|   6|0x0000000082400000, 0x0000000082500000, 0x0000000082500000|100%| O|  |TAMS 0x0000000082500000, 0x0000000082400000| Updating 
|   7|0x0000000082500000, 0x0000000082600000, 0x0000000082600000|100%| O|  |TAMS 0x0000000082600000, 0x0000000082500000| Updating 
|   8|0x0000000082600000, 0x0000000082700000, 0x0000000082700000|100%| O|  |TAMS 0x0000000082700000, 0x0000000082600000| Updating 
|   9|0x0000000082700000, 0x0000000082800000, 0x0000000082800000|100%|HS|  |TAMS 0x0000000082800000, 0x0000000082700000| Complete 
|  10|0x0000000082800000, 0x0000000082900000, 0x0000000082900000|100%|HC|  |TAMS 0x0000000082900000, 0x0000000082800000| Complete 
|  11|0x0000000082900000, 0x0000000082a00000, 0x0000000082a00000|100%|HC|  |TAMS 0x0000000082a00000, 0x0000000082900000| Complete 
|  12|0x0000000082a00000, 0x0000000082b00000, 0x0000000082b00000|100%|HC|  |TAMS 0x0000000082b00000, 0x0000000082a00000| Complete 
|  13|0x0000000082b00000, 0x0000000082c00000, 0x0000000082c00000|100%|HC|  |TAMS 0x0000000082c00000, 0x0000000082b00000| Complete 
|  14|0x0000000082c00000, 0x0000000082d00000, 0x0000000082d00000|100%|HC|  |TAMS 0x0000000082d00000, 0x0000000082c00000| Complete 
|  15|0x0000000082d00000, 0x0000000082e00000, 0x0000000082e00000|100%|HC|  |TAMS 0x0000000082e00000, 0x0000000082d00000| Complete 
|  16|0x0000000082e00000, 0x0000000082f00000, 0x0000000082f00000|100%|HC|  |TAMS 0x0000000082f00000, 0x0000000082e00000| Complete 
|  17|0x0000000082f00000, 0x0000000083000000, 0x0000000083000000|100%|HC|  |TAMS 0x0000000083000000, 0x0000000082f00000| Complete 
|  18|0x0000000083000000, 0x0000000083100000, 0x0000000083100000|100%|HC|  |TAMS 0x0000000083100000, 0x0000000083000000| Complete 
|  19|0x0000000083100000, 0x0000000083200000, 0x0000000083200000|100%|HC|  |TAMS 0x0000000083200000, 0x0000000083100000| Complete 
|  20|0x0000000083200000, 0x0000000083300000, 0x0000000083300000|100%|HC|  |TAMS 0x0000000083300000, 0x0000000083200000| Complete 
|  21|0x0000000083300000, 0x0000000083400000, 0x0000000083400000|100%|HC|  |TAMS 0x0000000083400000, 0x0000000083300000| Complete 
|  22|0x0000000083400000, 0x0000000083500000, 0x0000000083500000|100%|HC|  |TAMS 0x0000000083500000, 0x0000000083400000| Complete 
|  23|0x0000000083500000, 0x0000000083600000, 0x0000000083600000|100%|HC|  |TAMS 0x0000000083600000, 0x0000000083500000| Complete 
|  24|0x0000000083600000, 0x0000000083700000, 0x0000000083700000|100%|HC|  |TAMS 0x0000000083700000, 0x0000000083600000| Complete 
|  25|0x0000000083700000, 0x0000000083800000, 0x0000000083800000|100%|HC|  |TAMS 0x0000000083800000, 0x0000000083700000| Complete 
|  26|0x0000000083800000, 0x00000000838efe00, 0x0000000083900000| 93%| O|  |TAMS 0x00000000838efe00, 0x0000000083800000| Updating 
|  27|0x0000000083900000, 0x0000000083900000, 0x0000000083a00000|  0%| F|  |TAMS 0x0000000083900000, 0x0000000083900000| Untracked 
|  28|0x0000000083a00000, 0x0000000083a00000, 0x0000000083b00000|  0%| F|  |TAMS 0x0000000083a00000, 0x0000000083a00000| Untracked 
|  29|0x0000000083b00000, 0x0000000083b00000, 0x0000000083c00000|  0%| F|  |TAMS 0x0000000083b00000, 0x0000000083b00000| Untracked 
|  30|0x0000000083c00000, 0x0000000083c00000, 0x0000000083d00000|  0%| F|  |TAMS 0x0000000083c00000, 0x0000000083c00000| Untracked 
|  31|0x0000000083d00000, 0x0000000083d00000, 0x0000000083e00000|  0%| F|  |TAMS 0x0000000083d00000, 0x0000000083d00000| Untracked 
|  32|0x0000000083e00000, 0x0000000083e00000, 0x0000000083f00000|  0%| F|  |TAMS 0x0000000083e00000, 0x0000000083e00000| Untracked 
|  33|0x0000000083f00000, 0x0000000083f00000, 0x0000000084000000|  0%| F|  |TAMS 0x0000000083f00000, 0x0000000083f00000| Untracked 
|  34|0x0000000084000000, 0x0000000084000000, 0x0000000084100000|  0%| F|  |TAMS 0x0000000084000000, 0x0000000084000000| Untracked 
|  35|0x0000000084100000, 0x0000000084100000, 0x0000000084200000|  0%| F|  |TAMS 0x0000000084100000, 0x0000000084100000| Untracked 
|  36|0x0000000084200000, 0x0000000084200000, 0x0000000084300000|  0%| F|  |TAMS 0x0000000084200000, 0x0000000084200000| Untracked 
|  37|0x0000000084300000, 0x0000000084300000, 0x0000000084400000|  0%| F|  |TAMS 0x0000000084300000, 0x0000000084300000| Untracked 
|  38|0x0000000084400000, 0x0000000084500000, 0x0000000084500000|100%|HS|  |TAMS 0x0000000084500000, 0x0000000084400000| Complete 
|  39|0x0000000084500000, 0x0000000084600000, 0x0000000084600000|100%|HC|  |TAMS 0x0000000084600000, 0x0000000084500000| Complete 
|  40|0x0000000084600000, 0x0000000084700000, 0x0000000084700000|100%|HC|  |TAMS 0x0000000084700000, 0x0000000084600000| Complete 
|  41|0x0000000084700000, 0x0000000084800000, 0x0000000084800000|100%|HC|  |TAMS 0x0000000084800000, 0x0000000084700000| Complete 
|  42|0x0000000084800000, 0x0000000084900000, 0x0000000084900000|100%|HC|  |TAMS 0x0000000084900000, 0x0000000084800000| Complete 
|  43|0x0000000084900000, 0x0000000084a00000, 0x0000000084a00000|100%|HC|  |TAMS 0x0000000084a00000, 0x0000000084900000| Complete 
|  44|0x0000000084a00000, 0x0000000084b00000, 0x0000000084b00000|100%|HC|  |TAMS 0x0000000084b00000, 0x0000000084a00000| Complete 
|  45|0x0000000084b00000, 0x0000000084c00000, 0x0000000084c00000|100%|HC|  |TAMS 0x0000000084c00000, 0x0000000084b00000| Complete 
|  46|0x0000000084c00000, 0x0000000084d00000, 0x0000000084d00000|100%|HC|  |TAMS 0x0000000084d00000, 0x0000000084c00000| Complete 
|  47|0x0000000084d00000, 0x0000000084e00000, 0x0000000084e00000|100%|HC|  |TAMS 0x0000000084e00000, 0x0000000084d00000| Complete 
|  48|0x0000000084e00000, 0x0000000084f00000, 0x0000000084f00000|100%|HC|  |TAMS 0x0000000084f00000, 0x0000000084e00000| Complete 
|  49|0x0000000084f00000, 0x0000000085000000, 0x0000000085000000|100%|HC|  |TAMS 0x0000000085000000, 0x0000000084f00000| Complete 
|  50|0x0000000085000000, 0x0000000085100000, 0x0000000085100000|100%|HC|  |TAMS 0x0000000085100000, 0x0000000085000000| Complete 
|  51|0x0000000085100000, 0x0000000085200000, 0x0000000085200000|100%|HC|  |TAMS 0x0000000085200000, 0x0000000085100000| Complete 
|  52|0x0000000085200000, 0x0000000085300000, 0x0000000085300000|100%|HC|  |TAMS 0x0000000085300000, 0x0000000085200000| Complete 
|  53|0x0000000085300000, 0x0000000085400000, 0x0000000085400000|100%|HC|  |TAMS 0x0000000085400000, 0x0000000085300000| Complete 
|  54|0x0000000085400000, 0x0000000085500000, 0x0000000085500000|100%|HC|  |TAMS 0x0000000085500000, 0x0000000085400000| Complete 
|  55|0x0000000085500000, 0x0000000085600000, 0x0000000085600000|100%|HS|  |TAMS 0x0000000085600000, 0x0000000085500000| Complete 
|  56|0x0000000085600000, 0x0000000085700000, 0x0000000085700000|100%|HC|  |TAMS 0x0000000085700000, 0x0000000085600000| Complete 
|  57|0x0000000085700000, 0x0000000085800000, 0x0000000085800000|100%|HC|  |TAMS 0x0000000085800000, 0x0000000085700000| Complete 
|  58|0x0000000085800000, 0x0000000085900000, 0x0000000085900000|100%|HC|  |TAMS 0x0000000085900000, 0x0000000085800000| Complete 
|  59|0x0000000085900000, 0x0000000085a00000, 0x0000000085a00000|100%|HC|  |TAMS 0x0000000085a00000, 0x0000000085900000| Complete 
|  60|0x0000000085a00000, 0x0000000085b00000, 0x0000000085b00000|100%|HC|  |TAMS 0x0000000085b00000, 0x0000000085a00000| Complete 
|  61|0x0000000085b00000, 0x0000000085c00000, 0x0000000085c00000|100%|HC|  |TAMS 0x0000000085c00000, 0x0000000085b00000| Complete 
|  62|0x0000000085c00000, 0x0000000085d00000, 0x0000000085d00000|100%|HC|  |TAMS 0x0000000085d00000, 0x0000000085c00000| Complete 
|  63|0x0000000085d00000, 0x0000000085e00000, 0x0000000085e00000|100%|HC|  |TAMS 0x0000000085e00000, 0x0000000085d00000| Complete 
|  64|0x0000000085e00000, 0x0000000085f00000, 0x0000000085f00000|100%|HC|  |TAMS 0x0000000085f00000, 0x0000000085e00000| Complete 
|  65|0x0000000085f00000, 0x0000000086000000, 0x0000000086000000|100%|HC|  |TAMS 0x0000000086000000, 0x0000000085f00000| Complete 
|  66|0x0000000086000000, 0x0000000086100000, 0x0000000086100000|100%|HC|  |TAMS 0x0000000086100000, 0x0000000086000000| Complete 
|  67|0x0000000086100000, 0x0000000086200000, 0x0000000086200000|100%|HC|  |TAMS 0x0000000086200000, 0x0000000086100000| Complete 
|  68|0x0000000086200000, 0x0000000086300000, 0x0000000086300000|100%|HC|  |TAMS 0x0000000086300000, 0x0000000086200000| Complete 
|  69|0x0000000086300000, 0x0000000086400000, 0x0000000086400000|100%|HC|  |TAMS 0x0000000086400000, 0x0000000086300000| Complete 
|  70|0x0000000086400000, 0x0000000086500000, 0x0000000086500000|100%|HC|  |TAMS 0x0000000086500000, 0x0000000086400000| Complete 
|  71|0x0000000086500000, 0x0000000086600000, 0x0000000086600000|100%|HC|  |TAMS 0x0000000086600000, 0x0000000086500000| Complete 
|  72|0x0000000086600000, 0x0000000086700000, 0x0000000086700000|100%|HS|  |TAMS 0x0000000086700000, 0x0000000086600000| Complete 
|  73|0x0000000086700000, 0x0000000086800000, 0x0000000086800000|100%|HC|  |TAMS 0x0000000086800000, 0x0000000086700000| Complete 
|  74|0x0000000086800000, 0x0000000086900000, 0x0000000086900000|100%|HC|  |TAMS 0x0000000086900000, 0x0000000086800000| Complete 
|  75|0x0000000086900000, 0x0000000086a00000, 0x0000000086a00000|100%|HC|  |TAMS 0x0000000086a00000, 0x0000000086900000| Complete 
|  76|0x0000000086a00000, 0x0000000086b00000, 0x0000000086b00000|100%|HC|  |TAMS 0x0000000086b00000, 0x0000000086a00000| Complete 
|  77|0x0000000086b00000, 0x0000000086c00000, 0x0000000086c00000|100%|HC|  |TAMS 0x0000000086c00000, 0x0000000086b00000| Complete 
|  78|0x0000000086c00000, 0x0000000086d00000, 0x0000000086d00000|100%|HC|  |TAMS 0x0000000086d00000, 0x0000000086c00000| Complete 
|  79|0x0000000086d00000, 0x0000000086e00000, 0x0000000086e00000|100%|HC|  |TAMS 0x0000000086e00000, 0x0000000086d00000| Complete 
|  80|0x0000000086e00000, 0x0000000086f00000, 0x0000000086f00000|100%|HC|  |TAMS 0x0000000086f00000, 0x0000000086e00000| Complete 
|  81|0x0000000086f00000, 0x0000000087000000, 0x0000000087000000|100%|HC|  |TAMS 0x0000000087000000, 0x0000000086f00000| Complete 
|  82|0x0000000087000000, 0x0000000087100000, 0x0000000087100000|100%|HC|  |TAMS 0x0000000087100000, 0x0000000087000000| Complete 
|  83|0x0000000087100000, 0x0000000087200000, 0x0000000087200000|100%|HC|  |TAMS 0x0000000087200000, 0x0000000087100000| Complete 
|  84|0x0000000087200000, 0x0000000087300000, 0x0000000087300000|100%|HC|  |TAMS 0x0000000087300000, 0x0000000087200000| Complete 
|  85|0x0000000087300000, 0x0000000087400000, 0x0000000087400000|100%|HC|  |TAMS 0x0000000087400000, 0x0000000087300000| Complete 
|  86|0x0000000087400000, 0x0000000087500000, 0x0000000087500000|100%|HC|  |TAMS 0x0000000087500000, 0x0000000087400000| Complete 
|  87|0x0000000087500000, 0x0000000087600000, 0x0000000087600000|100%|HC|  |TAMS 0x0000000087600000, 0x0000000087500000| Complete 
|  88|0x0000000087600000, 0x0000000087700000, 0x0000000087700000|100%|HC|  |TAMS 0x0000000087700000, 0x0000000087600000| Complete 
|  89|0x0000000087700000, 0x0000000087800000, 0x0000000087800000|100%|HS|  |TAMS 0x0000000087800000, 0x0000000087700000| Complete 
|  90|0x0000000087800000, 0x0000000087900000, 0x0000000087900000|100%|HC|  |TAMS 0x0000000087900000, 0x0000000087800000| Complete 
|  91|0x0000000087900000, 0x0000000087a00000, 0x0000000087a00000|100%|HC|  |TAMS 0x0000000087a00000, 0x0000000087900000| Complete 
|  92|0x0000000087a00000, 0x0000000087b00000, 0x0000000087b00000|100%|HC|  |TAMS 0x0000000087b00000, 0x0000000087a00000| Complete 
|  93|0x0000000087b00000, 0x0000000087c00000, 0x0000000087c00000|100%|HC|  |TAMS 0x0000000087c00000, 0x0000000087b00000| Complete 
|  94|0x0000000087c00000, 0x0000000087d00000, 0x0000000087d00000|100%|HC|  |TAMS 0x0000000087d00000, 0x0000000087c00000| Complete 
|  95|0x0000000087d00000, 0x0000000087e00000, 0x0000000087e00000|100%|HC|  |TAMS 0x0000000087e00000, 0x0000000087d00000| Complete 
|  96|0x0000000087e00000, 0x0000000087f00000, 0x0000000087f00000|100%|HC|  |TAMS 0x0000000087f00000, 0x0000000087e00000| Complete 
|  97|0x0000000087f00000, 0x0000000088000000, 0x0000000088000000|100%|HC|  |TAMS 0x0000000088000000, 0x0000000087f00000| Complete 
|  98|0x0000000088000000, 0x0000000088100000, 0x0000000088100000|100%|HC|  |TAMS 0x0000000088100000, 0x0000000088000000| Complete 
|  99|0x0000000088100000, 0x0000000088200000, 0x0000000088200000|100%|HC|  |TAMS 0x0000000088200000, 0x0000000088100000| Complete 
| 100|0x0000000088200000, 0x0000000088300000, 0x0000000088300000|100%|HC|  |TAMS 0x0000000088300000, 0x0000000088200000| Complete 
| 101|0x0000000088300000, 0x0000000088400000, 0x0000000088400000|100%|HC|  |TAMS 0x0000000088400000, 0x0000000088300000| Complete 
| 102|0x0000000088400000, 0x0000000088500000, 0x0000000088500000|100%|HC|  |TAMS 0x0000000088500000, 0x0000000088400000| Complete 
| 103|0x0000000088500000, 0x0000000088600000, 0x0000000088600000|100%|HC|  |TAMS 0x0000000088600000, 0x0000000088500000| Complete 
| 104|0x0000000088600000, 0x0000000088700000, 0x0000000088700000|100%|HC|  |TAMS 0x0000000088700000, 0x0000000088600000| Complete 
| 105|0x0000000088700000, 0x0000000088800000, 0x0000000088800000|100%|HC|  |TAMS 0x0000000088800000, 0x0000000088700000| Complete 
| 106|0x0000000088800000, 0x0000000088900000, 0x0000000088900000|100%|HS|  |TAMS 0x0000000088900000, 0x0000000088800000| Complete 
| 107|0x0000000088900000, 0x0000000088a00000, 0x0000000088a00000|100%|HC|  |TAMS 0x0000000088a00000, 0x0000000088900000| Complete 
| 108|0x0000000088a00000, 0x0000000088b00000, 0x0000000088b00000|100%|HC|  |TAMS 0x0000000088b00000, 0x0000000088a00000| Complete 
| 109|0x0000000088b00000, 0x0000000088c00000, 0x0000000088c00000|100%|HC|  |TAMS 0x0000000088c00000, 0x0000000088b00000| Complete 
| 110|0x0000000088c00000, 0x0000000088d00000, 0x0000000088d00000|100%|HC|  |TAMS 0x0000000088d00000, 0x0000000088c00000| Complete 
| 111|0x0000000088d00000, 0x0000000088e00000, 0x0000000088e00000|100%|HC|  |TAMS 0x0000000088e00000, 0x0000000088d00000| Complete 
| 112|0x0000000088e00000, 0x0000000088f00000, 0x0000000088f00000|100%|HC|  |TAMS 0x0000000088f00000, 0x0000000088e00000| Complete 
| 113|0x0000000088f00000, 0x0000000089000000, 0x0000000089000000|100%|HC|  |TAMS 0x0000000089000000, 0x0000000088f00000| Complete 
| 114|0x0000000089000000, 0x0000000089100000, 0x0000000089100000|100%|HC|  |TAMS 0x0000000089100000, 0x0000000089000000| Complete 
| 115|0x0000000089100000, 0x0000000089200000, 0x0000000089200000|100%|HC|  |TAMS 0x0000000089200000, 0x0000000089100000| Complete 
| 116|0x0000000089200000, 0x0000000089300000, 0x0000000089300000|100%|HC|  |TAMS 0x0000000089300000, 0x0000000089200000| Complete 
| 117|0x0000000089300000, 0x0000000089400000, 0x0000000089400000|100%|HC|  |TAMS 0x0000000089400000, 0x0000000089300000| Complete 
| 118|0x0000000089400000, 0x0000000089500000, 0x0000000089500000|100%|HC|  |TAMS 0x0000000089500000, 0x0000000089400000| Complete 
| 119|0x0000000089500000, 0x0000000089600000, 0x0000000089600000|100%|HC|  |TAMS 0x0000000089600000, 0x0000000089500000| Complete 
| 120|0x0000000089600000, 0x0000000089700000, 0x0000000089700000|100%|HC|  |TAMS 0x0000000089700000, 0x0000000089600000| Complete 
| 121|0x0000000089700000, 0x0000000089800000, 0x0000000089800000|100%|HC|  |TAMS 0x0000000089800000, 0x0000000089700000| Complete 
| 122|0x0000000089800000, 0x0000000089900000, 0x0000000089900000|100%|HC|  |TAMS 0x0000000089900000, 0x0000000089800000| Complete 
| 123|0x0000000089900000, 0x0000000089a00000, 0x0000000089a00000|100%|HS|  |TAMS 0x0000000089a00000, 0x0000000089900000| Complete 
| 124|0x0000000089a00000, 0x0000000089b00000, 0x0000000089b00000|100%|HC|  |TAMS 0x0000000089b00000, 0x0000000089a00000| Complete 
| 125|0x0000000089b00000, 0x0000000089c00000, 0x0000000089c00000|100%|HC|  |TAMS 0x0000000089c00000, 0x0000000089b00000| Complete 
| 126|0x0000000089c00000, 0x0000000089d00000, 0x0000000089d00000|100%|HC|  |TAMS 0x0000000089d00000, 0x0000000089c00000| Complete 
| 127|0x0000000089d00000, 0x0000000089e00000, 0x0000000089e00000|100%|HC|  |TAMS 0x0000000089e00000, 0x0000000089d00000| Complete 
| 128|0x0000000089e00000, 0x0000000089f00000, 0x0000000089f00000|100%|HC|  |TAMS 0x0000000089f00000, 0x0000000089e00000| Complete 
| 129|0x0000000089f00000, 0x000000008a000000, 0x000000008a000000|100%|HC|  |TAMS 0x000000008a000000, 0x0000000089f00000| Complete 
| 130|0x000000008a000000, 0x000000008a100000, 0x000000008a100000|100%|HC|  |TAMS 0x000000008a100000, 0x000000008a000000| Complete 
| 131|0x000000008a100000, 0x000000008a200000, 0x000000008a200000|100%|HC|  |TAMS 0x000000008a200000, 0x000000008a100000| Complete 
| 132|0x000000008a200000, 0x000000008a300000, 0x000000008a300000|100%|HC|  |TAMS 0x000000008a300000, 0x000000008a200000| Complete 
| 133|0x000000008a300000, 0x000000008a400000, 0x000000008a400000|100%|HC|  |TAMS 0x000000008a400000, 0x000000008a300000| Complete 
| 134|0x000000008a400000, 0x000000008a500000, 0x000000008a500000|100%|HC|  |TAMS 0x000000008a500000, 0x000000008a400000| Complete 
| 135|0x000000008a500000, 0x000000008a600000, 0x000000008a600000|100%|HC|  |TAMS 0x000000008a600000, 0x000000008a500000| Complete 
| 136|0x000000008a600000, 0x000000008a700000, 0x000000008a700000|100%|HC|  |TAMS 0x000000008a700000, 0x000000008a600000| Complete 
| 137|0x000000008a700000, 0x000000008a800000, 0x000000008a800000|100%|HC|  |TAMS 0x000000008a800000, 0x000000008a700000| Complete 
| 138|0x000000008a800000, 0x000000008a900000, 0x000000008a900000|100%|HC|  |TAMS 0x000000008a900000, 0x000000008a800000| Complete 
| 139|0x000000008a900000, 0x000000008aa00000, 0x000000008aa00000|100%|HC|  |TAMS 0x000000008aa00000, 0x000000008a900000| Complete 
| 140|0x000000008aa00000, 0x000000008ab00000, 0x000000008ab00000|100%|HS|  |TAMS 0x000000008ab00000, 0x000000008aa00000| Complete 
| 141|0x000000008ab00000, 0x000000008ac00000, 0x000000008ac00000|100%|HC|  |TAMS 0x000000008ac00000, 0x000000008ab00000| Complete 
| 142|0x000000008ac00000, 0x000000008ad00000, 0x000000008ad00000|100%|HC|  |TAMS 0x000000008ad00000, 0x000000008ac00000| Complete 
| 143|0x000000008ad00000, 0x000000008ae00000, 0x000000008ae00000|100%|HC|  |TAMS 0x000000008ae00000, 0x000000008ad00000| Complete 
| 144|0x000000008ae00000, 0x000000008af00000, 0x000000008af00000|100%|HC|  |TAMS 0x000000008af00000, 0x000000008ae00000| Complete 
| 145|0x000000008af00000, 0x000000008b000000, 0x000000008b000000|100%|HC|  |TAMS 0x000000008b000000, 0x000000008af00000| Complete 
| 146|0x000000008b000000, 0x000000008b100000, 0x000000008b100000|100%|HC|  |TAMS 0x000000008b100000, 0x000000008b000000| Complete 
| 147|0x000000008b100000, 0x000000008b200000, 0x000000008b200000|100%|HC|  |TAMS 0x000000008b200000, 0x000000008b100000| Complete 
| 148|0x000000008b200000, 0x000000008b300000, 0x000000008b300000|100%|HC|  |TAMS 0x000000008b300000, 0x000000008b200000| Complete 
| 149|0x000000008b300000, 0x000000008b400000, 0x000000008b400000|100%|HC|  |TAMS 0x000000008b400000, 0x000000008b300000| Complete 
| 150|0x000000008b400000, 0x000000008b500000, 0x000000008b500000|100%|HC|  |TAMS 0x000000008b500000, 0x000000008b400000| Complete 
| 151|0x000000008b500000, 0x000000008b600000, 0x000000008b600000|100%|HC|  |TAMS 0x000000008b600000, 0x000000008b500000| Complete 
| 152|0x000000008b600000, 0x000000008b700000, 0x000000008b700000|100%|HC|  |TAMS 0x000000008b700000, 0x000000008b600000| Complete 
| 153|0x000000008b700000, 0x000000008b800000, 0x000000008b800000|100%|HC|  |TAMS 0x000000008b800000, 0x000000008b700000| Complete 
| 154|0x000000008b800000, 0x000000008b900000, 0x000000008b900000|100%|HC|  |TAMS 0x000000008b900000, 0x000000008b800000| Complete 
| 155|0x000000008b900000, 0x000000008ba00000, 0x000000008ba00000|100%|HC|  |TAMS 0x000000008ba00000, 0x000000008b900000| Complete 
| 156|0x000000008ba00000, 0x000000008bb00000, 0x000000008bb00000|100%|HC|  |TAMS 0x000000008bb00000, 0x000000008ba00000| Complete 
| 157|0x000000008bb00000, 0x000000008bc00000, 0x000000008bc00000|100%|HS|  |TAMS 0x000000008bc00000, 0x000000008bb00000| Complete 
| 158|0x000000008bc00000, 0x000000008bd00000, 0x000000008bd00000|100%|HC|  |TAMS 0x000000008bd00000, 0x000000008bc00000| Complete 
| 159|0x000000008bd00000, 0x000000008be00000, 0x000000008be00000|100%|HC|  |TAMS 0x000000008be00000, 0x000000008bd00000| Complete 
| 160|0x000000008be00000, 0x000000008bf00000, 0x000000008bf00000|100%|HC|  |TAMS 0x000000008bf00000, 0x000000008be00000| Complete 
| 161|0x000000008bf00000, 0x000000008c000000, 0x000000008c000000|100%|HC|  |TAMS 0x000000008c000000, 0x000000008bf00000| Complete 
| 162|0x000000008c000000, 0x000000008c100000, 0x000000008c100000|100%|HC|  |TAMS 0x000000008c100000, 0x000000008c000000| Complete 
| 163|0x000000008c100000, 0x000000008c200000, 0x000000008c200000|100%|HC|  |TAMS 0x000000008c200000, 0x000000008c100000| Complete 
| 164|0x000000008c200000, 0x000000008c300000, 0x000000008c300000|100%|HC|  |TAMS 0x000000008c300000, 0x000000008c200000| Complete 
| 165|0x000000008c300000, 0x000000008c400000, 0x000000008c400000|100%|HC|  |TAMS 0x000000008c400000, 0x000000008c300000| Complete 
| 166|0x000000008c400000, 0x000000008c500000, 0x000000008c500000|100%|HC|  |TAMS 0x000000008c500000, 0x000000008c400000| Complete 
| 167|0x000000008c500000, 0x000000008c600000, 0x000000008c600000|100%|HC|  |TAMS 0x000000008c600000, 0x000000008c500000| Complete 
| 168|0x000000008c600000, 0x000000008c700000, 0x000000008c700000|100%|HC|  |TAMS 0x000000008c700000, 0x000000008c600000| Complete 
| 169|0x000000008c700000, 0x000000008c800000, 0x000000008c800000|100%|HC|  |TAMS 0x000000008c800000, 0x000000008c700000| Complete 
| 170|0x000000008c800000, 0x000000008c900000, 0x000000008c900000|100%|HC|  |TAMS 0x000000008c900000, 0x000000008c800000| Complete 
| 171|0x000000008c900000, 0x000000008ca00000, 0x000000008ca00000|100%|HC|  |TAMS 0x000000008ca00000, 0x000000008c900000| Complete 
| 172|0x000000008ca00000, 0x000000008cb00000, 0x000000008cb00000|100%|HC|  |TAMS 0x000000008cb00000, 0x000000008ca00000| Complete 
| 173|0x000000008cb00000, 0x000000008cc00000, 0x000000008cc00000|100%|HC|  |TAMS 0x000000008cc00000, 0x000000008cb00000| Complete 
| 174|0x000000008cc00000, 0x000000008cd00000, 0x000000008cd00000|100%|HS|  |TAMS 0x000000008cc00000, 0x000000008cc00000| Complete 
| 175|0x000000008cd00000, 0x000000008ce00000, 0x000000008ce00000|100%|HC|  |TAMS 0x000000008cd00000, 0x000000008cd00000| Complete 
| 176|0x000000008ce00000, 0x000000008cf00000, 0x000000008cf00000|100%|HC|  |TAMS 0x000000008ce00000, 0x000000008ce00000| Complete 
| 177|0x000000008cf00000, 0x000000008d000000, 0x000000008d000000|100%|HC|  |TAMS 0x000000008cf00000, 0x000000008cf00000| Complete 
| 178|0x000000008d000000, 0x000000008d100000, 0x000000008d100000|100%|HC|  |TAMS 0x000000008d000000, 0x000000008d000000| Complete 
| 179|0x000000008d100000, 0x000000008d200000, 0x000000008d200000|100%|HC|  |TAMS 0x000000008d100000, 0x000000008d100000| Complete 
| 180|0x000000008d200000, 0x000000008d300000, 0x000000008d300000|100%|HC|  |TAMS 0x000000008d200000, 0x000000008d200000| Complete 
| 181|0x000000008d300000, 0x000000008d400000, 0x000000008d400000|100%|HC|  |TAMS 0x000000008d300000, 0x000000008d300000| Complete 
| 182|0x000000008d400000, 0x000000008d500000, 0x000000008d500000|100%|HC|  |TAMS 0x000000008d400000, 0x000000008d400000| Complete 
| 183|0x000000008d500000, 0x000000008d600000, 0x000000008d600000|100%|HC|  |TAMS 0x000000008d500000, 0x000000008d500000| Complete 
| 184|0x000000008d600000, 0x000000008d700000, 0x000000008d700000|100%|HC|  |TAMS 0x000000008d600000, 0x000000008d600000| Complete 
| 185|0x000000008d700000, 0x000000008d800000, 0x000000008d800000|100%|HC|  |TAMS 0x000000008d700000, 0x000000008d700000| Complete 
| 186|0x000000008d800000, 0x000000008d900000, 0x000000008d900000|100%|HC|  |TAMS 0x000000008d800000, 0x000000008d800000| Complete 
| 187|0x000000008d900000, 0x000000008da00000, 0x000000008da00000|100%|HC|  |TAMS 0x000000008d900000, 0x000000008d900000| Complete 
| 188|0x000000008da00000, 0x000000008db00000, 0x000000008db00000|100%|HC|  |TAMS 0x000000008da00000, 0x000000008da00000| Complete 
| 189|0x000000008db00000, 0x000000008dc00000, 0x000000008dc00000|100%|HC|  |TAMS 0x000000008db00000, 0x000000008db00000| Complete 
| 190|0x000000008dc00000, 0x000000008dd00000, 0x000000008dd00000|100%|HC|  |TAMS 0x000000008dc00000, 0x000000008dc00000| Complete 
| 191|0x000000008dd00000, 0x000000008dd00000, 0x000000008de00000|  0%| F|  |TAMS 0x000000008dd00000, 0x000000008dd00000| Untracked 
| 192|0x000000008de00000, 0x000000008de00000, 0x000000008df00000|  0%| F|  |TAMS 0x000000008de00000, 0x000000008de00000| Untracked 
| 193|0x000000008df00000, 0x000000008df00000, 0x000000008e000000|  0%| F|  |TAMS 0x000000008df00000, 0x000000008df00000| Untracked 
| 194|0x000000008e000000, 0x000000008e000000, 0x000000008e100000|  0%| F|  |TAMS 0x000000008e000000, 0x000000008e000000| Untracked 
| 195|0x000000008e100000, 0x000000008e100000, 0x000000008e200000|  0%| F|  |TAMS 0x000000008e100000, 0x000000008e100000| Untracked 
| 196|0x000000008e200000, 0x000000008e200000, 0x000000008e300000|  0%| F|  |TAMS 0x000000008e200000, 0x000000008e200000| Untracked 
| 197|0x000000008e300000, 0x000000008e300000, 0x000000008e400000|  0%| F|  |TAMS 0x000000008e300000, 0x000000008e300000| Untracked 
| 198|0x000000008e400000, 0x000000008e400000, 0x000000008e500000|  0%| F|  |TAMS 0x000000008e400000, 0x000000008e400000| Untracked 
| 199|0x000000008e500000, 0x000000008e500000, 0x000000008e600000|  0%| F|  |TAMS 0x000000008e500000, 0x000000008e500000| Untracked 
| 200|0x000000008e600000, 0x000000008e600000, 0x000000008e700000|  0%| F|  |TAMS 0x000000008e600000, 0x000000008e600000| Untracked 
| 201|0x000000008e700000, 0x000000008e700000, 0x000000008e800000|  0%| F|  |TAMS 0x000000008e700000, 0x000000008e700000| Untracked 
| 202|0x000000008e800000, 0x000000008e800000, 0x000000008e900000|  0%| F|  |TAMS 0x000000008e800000, 0x000000008e800000| Untracked 
| 203|0x000000008e900000, 0x000000008e900000, 0x000000008ea00000|  0%| F|  |TAMS 0x000000008e900000, 0x000000008e900000| Untracked 
| 204|0x000000008ea00000, 0x000000008ea00000, 0x000000008eb00000|  0%| F|  |TAMS 0x000000008ea00000, 0x000000008ea00000| Untracked 
| 205|0x000000008eb00000, 0x000000008eb00000, 0x000000008ec00000|  0%| F|  |TAMS 0x000000008eb00000, 0x000000008eb00000| Untracked 
| 206|0x000000008ec00000, 0x000000008ec00000, 0x000000008ed00000|  0%| F|  |TAMS 0x000000008ec00000, 0x000000008ec00000| Untracked 
| 207|0x000000008ed00000, 0x000000008ed00000, 0x000000008ee00000|  0%| F|  |TAMS 0x000000008ed00000, 0x000000008ed00000| Untracked 
| 208|0x000000008ee00000, 0x000000008ee00000, 0x000000008ef00000|  0%| F|  |TAMS 0x000000008ee00000, 0x000000008ee00000| Untracked 
| 209|0x000000008ef00000, 0x000000008ef00000, 0x000000008f000000|  0%| F|  |TAMS 0x000000008ef00000, 0x000000008ef00000| Untracked 
| 210|0x000000008f000000, 0x000000008f000000, 0x000000008f100000|  0%| F|  |TAMS 0x000000008f000000, 0x000000008f000000| Untracked 
| 211|0x000000008f100000, 0x000000008f100000, 0x000000008f200000|  0%| F|  |TAMS 0x000000008f100000, 0x000000008f100000| Untracked 
| 212|0x000000008f200000, 0x000000008f200000, 0x000000008f300000|  0%| F|  |TAMS 0x000000008f200000, 0x000000008f200000| Untracked 
| 213|0x000000008f300000, 0x000000008f300000, 0x000000008f400000|  0%| F|  |TAMS 0x000000008f300000, 0x000000008f300000| Untracked 
| 214|0x000000008f400000, 0x000000008f400000, 0x000000008f500000|  0%| F|  |TAMS 0x000000008f400000, 0x000000008f400000| Untracked 
| 215|0x000000008f500000, 0x000000008f500000, 0x000000008f600000|  0%| F|  |TAMS 0x000000008f500000, 0x000000008f500000| Untracked 
| 216|0x000000008f600000, 0x000000008f600000, 0x000000008f700000|  0%| F|  |TAMS 0x000000008f600000, 0x000000008f600000| Untracked 
| 217|0x000000008f700000, 0x000000008f700000, 0x000000008f800000|  0%| F|  |TAMS 0x000000008f700000, 0x000000008f700000| Untracked 
| 218|0x000000008f800000, 0x000000008f800000, 0x000000008f900000|  0%| F|  |TAMS 0x000000008f800000, 0x000000008f800000| Untracked 
| 219|0x000000008f900000, 0x000000008f900000, 0x000000008fa00000|  0%| F|  |TAMS 0x000000008f900000, 0x000000008f900000| Untracked 
| 220|0x000000008fa00000, 0x000000008fa00000, 0x000000008fb00000|  0%| F|  |TAMS 0x000000008fa00000, 0x000000008fa00000| Untracked 
| 221|0x000000008fb00000, 0x000000008fb00000, 0x000000008fc00000|  0%| F|  |TAMS 0x000000008fb00000, 0x000000008fb00000| Untracked 
| 222|0x000000008fc00000, 0x000000008fc00000, 0x000000008fd00000|  0%| F|  |TAMS 0x000000008fc00000, 0x000000008fc00000| Untracked 
| 223|0x000000008fd00000, 0x000000008fd00000, 0x000000008fe00000|  0%| F|  |TAMS 0x000000008fd00000, 0x000000008fd00000| Untracked 
| 224|0x000000008fe00000, 0x000000008fe00000, 0x000000008ff00000|  0%| F|  |TAMS 0x000000008fe00000, 0x000000008fe00000| Untracked 
| 225|0x000000008ff00000, 0x000000008ff00000, 0x0000000090000000|  0%| F|  |TAMS 0x000000008ff00000, 0x000000008ff00000| Untracked 
| 226|0x0000000090000000, 0x0000000090000000, 0x0000000090100000|  0%| F|  |TAMS 0x0000000090000000, 0x0000000090000000| Untracked 
| 227|0x0000000090100000, 0x0000000090100000, 0x0000000090200000|  0%| F|  |TAMS 0x0000000090100000, 0x0000000090100000| Untracked 
| 228|0x0000000090200000, 0x0000000090200000, 0x0000000090300000|  0%| F|  |TAMS 0x0000000090200000, 0x0000000090200000| Untracked 
| 229|0x0000000090300000, 0x0000000090300000, 0x0000000090400000|  0%| F|  |TAMS 0x0000000090300000, 0x0000000090300000| Untracked 
| 230|0x0000000090400000, 0x0000000090400000, 0x0000000090500000|  0%| F|  |TAMS 0x0000000090400000, 0x0000000090400000| Untracked 
| 231|0x0000000090500000, 0x0000000090500000, 0x0000000090600000|  0%| F|  |TAMS 0x0000000090500000, 0x0000000090500000| Untracked 
| 232|0x0000000090600000, 0x0000000090600000, 0x0000000090700000|  0%| F|  |TAMS 0x0000000090600000, 0x0000000090600000| Untracked 
| 233|0x0000000090700000, 0x0000000090700000, 0x0000000090800000|  0%| F|  |TAMS 0x0000000090700000, 0x0000000090700000| Untracked 
| 234|0x0000000090800000, 0x0000000090800000, 0x0000000090900000|  0%| F|  |TAMS 0x0000000090800000, 0x0000000090800000| Untracked 
| 235|0x0000000090900000, 0x0000000090900000, 0x0000000090a00000|  0%| F|  |TAMS 0x0000000090900000, 0x0000000090900000| Untracked 
| 236|0x0000000090a00000, 0x0000000090a00000, 0x0000000090b00000|  0%| F|  |TAMS 0x0000000090a00000, 0x0000000090a00000| Untracked 
| 237|0x0000000090b00000, 0x0000000090b00000, 0x0000000090c00000|  0%| F|  |TAMS 0x0000000090b00000, 0x0000000090b00000| Untracked 
| 238|0x0000000090c00000, 0x0000000090c00000, 0x0000000090d00000|  0%| F|  |TAMS 0x0000000090c00000, 0x0000000090c00000| Untracked 
| 239|0x0000000090d00000, 0x0000000090d00000, 0x0000000090e00000|  0%| F|  |TAMS 0x0000000090d00000, 0x0000000090d00000| Untracked 
| 240|0x0000000090e00000, 0x0000000090e00000, 0x0000000090f00000|  0%| F|  |TAMS 0x0000000090e00000, 0x0000000090e00000| Untracked 
| 241|0x0000000090f00000, 0x0000000090f00000, 0x0000000091000000|  0%| F|  |TAMS 0x0000000090f00000, 0x0000000090f00000| Untracked 
| 242|0x0000000091000000, 0x0000000091000000, 0x0000000091100000|  0%| F|  |TAMS 0x0000000091000000, 0x0000000091000000| Untracked 
| 243|0x0000000091100000, 0x0000000091100000, 0x0000000091200000|  0%| F|  |TAMS 0x0000000091100000, 0x0000000091100000| Untracked 
| 244|0x0000000091200000, 0x0000000091200000, 0x0000000091300000|  0%| F|  |TAMS 0x0000000091200000, 0x0000000091200000| Untracked 
| 245|0x0000000091300000, 0x0000000091300000, 0x0000000091400000|  0%| F|  |TAMS 0x0000000091300000, 0x0000000091300000| Untracked 
| 246|0x0000000091400000, 0x0000000091400000, 0x0000000091500000|  0%| F|  |TAMS 0x0000000091400000, 0x0000000091400000| Untracked 
| 247|0x0000000091500000, 0x0000000091500000, 0x0000000091600000|  0%| F|  |TAMS 0x0000000091500000, 0x0000000091500000| Untracked 
| 248|0x0000000091600000, 0x0000000091600000, 0x0000000091700000|  0%| F|  |TAMS 0x0000000091600000, 0x0000000091600000| Untracked 
| 249|0x0000000091700000, 0x0000000091700000, 0x0000000091800000|  0%| F|  |TAMS 0x0000000091700000, 0x0000000091700000| Untracked 
| 250|0x0000000091800000, 0x0000000091800000, 0x0000000091900000|  0%| F|  |TAMS 0x0000000091800000, 0x0000000091800000| Untracked 
| 251|0x0000000091900000, 0x0000000091900000, 0x0000000091a00000|  0%| F|  |TAMS 0x0000000091900000, 0x0000000091900000| Untracked 
| 252|0x0000000091a00000, 0x0000000091a00000, 0x0000000091b00000|  0%| F|  |TAMS 0x0000000091a00000, 0x0000000091a00000| Untracked 
| 253|0x0000000091b00000, 0x0000000091b00000, 0x0000000091c00000|  0%| F|  |TAMS 0x0000000091b00000, 0x0000000091b00000| Untracked 
| 254|0x0000000091c00000, 0x0000000091c00000, 0x0000000091d00000|  0%| F|  |TAMS 0x0000000091c00000, 0x0000000091c00000| Untracked 
| 255|0x0000000091d00000, 0x0000000091d00000, 0x0000000091e00000|  0%| F|  |TAMS 0x0000000091d00000, 0x0000000091d00000| Untracked 
| 256|0x0000000091e00000, 0x0000000091e00000, 0x0000000091f00000|  0%| F|  |TAMS 0x0000000091e00000, 0x0000000091e00000| Untracked 
| 257|0x0000000091f00000, 0x0000000091f00000, 0x0000000092000000|  0%| F|  |TAMS 0x0000000091f00000, 0x0000000091f00000| Untracked 
| 258|0x0000000092000000, 0x0000000092000000, 0x0000000092100000|  0%| F|  |TAMS 0x0000000092000000, 0x0000000092000000| Untracked 
| 259|0x0000000092100000, 0x0000000092100000, 0x0000000092200000|  0%| F|  |TAMS 0x0000000092100000, 0x0000000092100000| Untracked 
| 260|0x0000000092200000, 0x0000000092200000, 0x0000000092300000|  0%| F|  |TAMS 0x0000000092200000, 0x0000000092200000| Untracked 
| 261|0x0000000092300000, 0x0000000092300000, 0x0000000092400000|  0%| F|  |TAMS 0x0000000092300000, 0x0000000092300000| Untracked 
| 262|0x0000000092400000, 0x0000000092400000, 0x0000000092500000|  0%| F|  |TAMS 0x0000000092400000, 0x0000000092400000| Untracked 
| 263|0x0000000092500000, 0x0000000092500000, 0x0000000092600000|  0%| F|  |TAMS 0x0000000092500000, 0x0000000092500000| Untracked 
| 264|0x0000000092600000, 0x0000000092600000, 0x0000000092700000|  0%| F|  |TAMS 0x0000000092600000, 0x0000000092600000| Untracked 
| 265|0x0000000092700000, 0x0000000092700000, 0x0000000092800000|  0%| F|  |TAMS 0x0000000092700000, 0x0000000092700000| Untracked 
| 266|0x0000000092800000, 0x0000000092800000, 0x0000000092900000|  0%| F|  |TAMS 0x0000000092800000, 0x0000000092800000| Untracked 
| 267|0x0000000092900000, 0x0000000092900000, 0x0000000092a00000|  0%| F|  |TAMS 0x0000000092900000, 0x0000000092900000| Untracked 
| 268|0x0000000092a00000, 0x0000000092a00000, 0x0000000092b00000|  0%| F|  |TAMS 0x0000000092a00000, 0x0000000092a00000| Untracked 
| 269|0x0000000092b00000, 0x0000000092b00000, 0x0000000092c00000|  0%| F|  |TAMS 0x0000000092b00000, 0x0000000092b00000| Untracked 
| 270|0x0000000092c00000, 0x0000000092c00000, 0x0000000092d00000|  0%| F|  |TAMS 0x0000000092c00000, 0x0000000092c00000| Untracked 
| 271|0x0000000092d00000, 0x0000000092d00000, 0x0000000092e00000|  0%| F|  |TAMS 0x0000000092d00000, 0x0000000092d00000| Untracked 
| 272|0x0000000092e00000, 0x0000000092e00000, 0x0000000092f00000|  0%| F|  |TAMS 0x0000000092e00000, 0x0000000092e00000| Untracked 
| 273|0x0000000092f00000, 0x0000000092f00000, 0x0000000093000000|  0%| F|  |TAMS 0x0000000092f00000, 0x0000000092f00000| Untracked 
| 274|0x0000000093000000, 0x00000000930a6f00, 0x0000000093100000| 65%| S|CS|TAMS 0x0000000093000000, 0x0000000093000000| Complete 
| 275|0x0000000093100000, 0x0000000093200000, 0x0000000093200000|100%| S|CS|TAMS 0x0000000093100000, 0x0000000093100000| Complete 
| 276|0x0000000093200000, 0x000000009324f670, 0x0000000093300000| 31%| E|  |TAMS 0x0000000093200000, 0x0000000093200000| Complete 

Card table byte_map: [0x0000016a7d460000,0x0000016a7d860000] _byte_map_base: 0x0000016a7d051000

Marking Bits (Prev, Next): (CMBitMap*) 0x0000016a68441690, (CMBitMap*) 0x0000016a68441650
 Prev Bits: [0x0000016a00000000, 0x0000016a01f88000)
 Next Bits: [0x0000016a7dc60000, 0x0000016a7fbe8000)

Polling page: 0x0000016a684d0000

Metaspace:

Usage:
  Non-class:     26.43 MB capacity,    26.27 MB (>99%) used,   127.48 KB ( <1%) free+waste,    34.50 KB ( <1%) overhead. 
      Class:      3.39 MB capacity,     3.29 MB ( 97%) used,    91.24 KB (  3%) free+waste,    12.06 KB ( <1%) overhead. 
       Both:     29.82 MB capacity,    29.56 MB (>99%) used,   218.73 KB ( <1%) free+waste,    46.56 KB ( <1%) overhead. 

Virtual space:
  Non-class space:       28.00 MB reserved,      26.50 MB ( 95%) committed 
      Class space:        1.00 GB reserved,       3.50 MB ( <1%) committed 
             Both:        1.03 GB reserved,      30.00 MB (  3%) committed 

Chunk freelists:
   Non-Class:  9.00 KB
       Class:  17.00 KB
        Both:  26.00 KB

MaxMetaspaceSize: 17179869184.00 GB
CompressedClassSpaceSize: 1.00 GB

CodeHeap 'non-profiled nmethods': size=120000Kb used=940Kb max_used=940Kb free=119059Kb
 bounds [0x0000016a750b0000, 0x0000016a75320000, 0x0000016a7c5e0000]
CodeHeap 'profiled nmethods': size=120000Kb used=3973Kb max_used=3973Kb free=116026Kb
 bounds [0x0000016a6db80000, 0x0000016a6df70000, 0x0000016a750b0000]
CodeHeap 'non-nmethods': size=5760Kb used=1278Kb max_used=1342Kb free=4481Kb
 bounds [0x0000016a6d5e0000, 0x0000016a6d850000, 0x0000016a6db80000]
 total_blobs=2737 nmethods=2181 adapters=468
 compilation: enabled
              stopped_count=0, restarted_count=0
 full_count=0

Compilation events (20 events):
Event: 20.367 Thread 0x0000016a04faada0 2173       3       io.netty.util.AsciiString$1::hashCode (9 bytes)
Event: 20.367 Thread 0x0000016a04faada0 nmethod 2173 0x0000016a6df5e490 code [0x0000016a6df5e660, 0x0000016a6df5eb78]
Event: 20.367 Thread 0x0000016a04faada0 2174       3       io.netty.util.AsciiString$1::hashCode (5 bytes)
Event: 20.367 Thread 0x0000016a04faada0 nmethod 2174 0x0000016a6df5ed10 code [0x0000016a6df5eee0, 0x0000016a6df5f2b8]
Event: 20.367 Thread 0x0000016a04faada0 2175       3       io.netty.util.AsciiString::hashCode (23 bytes)
Event: 20.368 Thread 0x0000016a04faada0 nmethod 2175 0x0000016a6df5f410 code [0x0000016a6df5f5e0, 0x0000016a6df5f918]
Event: 20.376 Thread 0x0000016a04faada0 2176       3       java.util.IdentityHashMap::maskNull (12 bytes)
Event: 20.376 Thread 0x0000016a04faada0 nmethod 2176 0x0000016a6df5fa10 code [0x0000016a6df5fba0, 0x0000016a6df5fcd8]
Event: 20.377 Thread 0x0000016a04faada0 2177       3       java.util.IdentityHashMap::hash (18 bytes)
Event: 20.377 Thread 0x0000016a04faada0 nmethod 2177 0x0000016a6df5fd90 code [0x0000016a6df5ff20, 0x0000016a6df60048]
Event: 20.377 Thread 0x0000016a04faada0 2178       3       io.netty.channel.socket.nio.NioSocketChannel::javaChannel (8 bytes)
Event: 20.377 Thread 0x0000016a04faada0 nmethod 2178 0x0000016a6df60110 code [0x0000016a6df602a0, 0x0000016a6df60498]
Event: 20.378 Thread 0x0000016a04f33180 2179       4       java.lang.Integer::numberOfLeadingZeros (79 bytes)
Event: 20.379 Thread 0x0000016a04f33180 nmethod 2179 0x0000016a7519af10 code [0x0000016a7519b080, 0x0000016a7519b138]
Event: 20.386 Thread 0x0000016a04faada0 2180       3       io.netty.buffer.AbstractByteBuf::checkIndex (11 bytes)
Event: 20.388 Thread 0x0000016a04faada0 nmethod 2180 0x0000016a6df60590 code [0x0000016a6df60780, 0x0000016a6df60c38]
Event: 20.388 Thread 0x0000016a04faada0 2181       3       jdk.internal.misc.Unsafe::checkOffset (32 bytes)
Event: 20.389 Thread 0x0000016a04faada0 nmethod 2181 0x0000016a6df60e10 code [0x0000016a6df60fc0, 0x0000016a6df61228]
Event: 20.398 Thread 0x0000016a04faada0 2182       3       jdk.internal.misc.Unsafe::weakCompareAndSetLong (11 bytes)
Event: 20.398 Thread 0x0000016a04faada0 nmethod 2182 0x0000016a6df61310 code [0x0000016a6df614a0, 0x0000016a6df615b8]

GC Heap History (20 events):
Event: 4.022 GC heap before
{Heap before GC invocations=4 (full 0):
 garbage-first heap   total 34816K, used 10578K [0x0000000081e00000, 0x0000000100000000)
  region size 1024K, 7 young (7168K), 4 survivors (4096K)
 Metaspace       used 27715K, capacity 28006K, committed 28288K, reserved 1075200K
  class space    used 3069K, capacity 3142K, committed 3200K, reserved 1048576K
}
Event: 4.028 GC heap after
{Heap after GC invocations=5 (full 0):
 garbage-first heap   total 34816K, used 9102K [0x0000000081e00000, 0x0000000100000000)
  region size 1024K, 1 young (1024K), 1 survivors (1024K)
 Metaspace       used 27715K, capacity 28006K, committed 28288K, reserved 1075200K
  class space    used 3069K, capacity 3142K, committed 3200K, reserved 1048576K
}
Event: 6.954 GC heap before
{Heap before GC invocations=6 (full 0):
 garbage-first heap   total 48128K, used 33678K [0x0000000081e00000, 0x0000000100000000)
  region size 1024K, 9 young (9216K), 1 survivors (1024K)
 Metaspace       used 29911K, capacity 30144K, committed 30336K, reserved 1077248K
  class space    used 3322K, capacity 3406K, committed 3456K, reserved 1048576K
}
Event: 6.956 GC heap after
{Heap after GC invocations=7 (full 0):
 garbage-first heap   total 48128K, used 27085K [0x0000000081e00000, 0x0000000100000000)
  region size 1024K, 2 young (2048K), 2 survivors (2048K)
 Metaspace       used 29911K, capacity 30144K, committed 30336K, reserved 1077248K
  class space    used 3322K, capacity 3406K, committed 3456K, reserved 1048576K
}
Event: 9.128 GC heap before
{Heap before GC invocations=8 (full 0):
 garbage-first heap   total 78848K, used 44493K [0x0000000081e00000, 0x0000000100000000)
  region size 1024K, 3 young (3072K), 2 survivors (2048K)
 Metaspace       used 29927K, capacity 30176K, committed 30336K, reserved 1077248K
  class space    used 3325K, capacity 3438K, committed 3456K, reserved 1048576K
}
Event: 9.130 GC heap after
{Heap after GC invocations=9 (full 0):
 garbage-first heap   total 78848K, used 44886K [0x0000000081e00000, 0x0000000100000000)
  region size 1024K, 1 young (1024K), 1 survivors (1024K)
 Metaspace       used 29927K, capacity 30176K, committed 30336K, reserved 1077248K
  class space    used 3325K, capacity 3438K, committed 3456K, reserved 1048576K
}
Event: 17.547 GC heap before
{Heap before GC invocations=10 (full 0):
 garbage-first heap   total 107520K, used 64342K [0x0000000081e00000, 0x0000000100000000)
  region size 1024K, 4 young (4096K), 1 survivors (1024K)
 Metaspace       used 30198K, capacity 30470K, committed 30720K, reserved 1077248K
  class space    used 3365K, capacity 3471K, committed 3584K, reserved 1048576K
}
Event: 17.548 GC heap after
{Heap after GC invocations=11 (full 0):
 garbage-first heap   total 107520K, used 62393K [0x0000000081e00000, 0x0000000100000000)
  region size 1024K, 1 young (1024K), 1 survivors (1024K)
 Metaspace       used 30198K, capacity 30470K, committed 30720K, reserved 1077248K
  class space    used 3365K, capacity 3471K, committed 3584K, reserved 1048576K
}
Event: 17.607 GC heap before
{Heap before GC invocations=12 (full 0):
 garbage-first heap   total 135168K, used 79801K [0x0000000081e00000, 0x0000000100000000)
  region size 1024K, 2 young (2048K), 1 survivors (1024K)
 Metaspace       used 30212K, capacity 30470K, committed 30720K, reserved 1077248K
  class space    used 3366K, capacity 3471K, committed 3584K, reserved 1048576K
}
Event: 17.609 GC heap after
{Heap after GC invocations=13 (full 0):
 garbage-first heap   total 135168K, used 79976K [0x0000000081e00000, 0x0000000100000000)
  region size 1024K, 1 young (1024K), 1 survivors (1024K)
 Metaspace       used 30212K, capacity 30470K, committed 30720K, reserved 1077248K
  class space    used 3366K, capacity 3471K, committed 3584K, reserved 1048576K
}
Event: 17.922 GC heap before
{Heap before GC invocations=14 (full 0):
 garbage-first heap   total 165888K, used 97384K [0x0000000081e00000, 0x0000000100000000)
  region size 1024K, 2 young (2048K), 1 survivors (1024K)
 Metaspace       used 30231K, capacity 30534K, committed 30720K, reserved 1077248K
  class space    used 3367K, capacity 3471K, committed 3584K, reserved 1048576K
}
Event: 17.923 GC heap after
{Heap after GC invocations=15 (full 0):
 garbage-first heap   total 165888K, used 97559K [0x0000000081e00000, 0x0000000100000000)
  region size 1024K, 1 young (1024K), 1 survivors (1024K)
 Metaspace       used 30231K, capacity 30534K, committed 30720K, reserved 1077248K
  class space    used 3367K, capacity 3471K, committed 3584K, reserved 1048576K
}
Event: 18.900 GC heap before
{Heap before GC invocations=16 (full 0):
 garbage-first heap   total 194560K, used 115991K [0x0000000081e00000, 0x0000000100000000)
  region size 1024K, 3 young (3072K), 1 survivors (1024K)
 Metaspace       used 30241K, capacity 30534K, committed 30720K, reserved 1077248K
  class space    used 3367K, capacity 3471K, committed 3584K, reserved 1048576K
}
Event: 18.902 GC heap after
{Heap after GC invocations=17 (full 0):
 garbage-first heap   total 194560K, used 115198K [0x0000000081e00000, 0x0000000100000000)
  region size 1024K, 2 young (2048K), 2 survivors (2048K)
 Metaspace       used 30241K, capacity 30534K, committed 30720K, reserved 1077248K
  class space    used 3367K, capacity 3471K, committed 3584K, reserved 1048576K
}
Event: 19.002 GC heap before
{Heap before GC invocations=18 (full 0):
 garbage-first heap   total 225280K, used 132606K [0x0000000081e00000, 0x0000000100000000)
  region size 1024K, 3 young (3072K), 2 survivors (2048K)
 Metaspace       used 30247K, capacity 30534K, committed 30720K, reserved 1077248K
  class space    used 3367K, capacity 3471K, committed 3584K, reserved 1048576K
}
Event: 19.012 GC heap after
{Heap after GC invocations=19 (full 0):
 garbage-first heap   total 225280K, used 132753K [0x0000000081e00000, 0x0000000100000000)
  region size 1024K, 2 young (2048K), 2 survivors (2048K)
 Metaspace       used 30247K, capacity 30534K, committed 30720K, reserved 1077248K
  class space    used 3367K, capacity 3471K, committed 3584K, reserved 1048576K
}
Event: 19.637 GC heap before
{Heap before GC invocations=20 (full 0):
 garbage-first heap   total 254976K, used 151185K [0x0000000081e00000, 0x0000000100000000)
  region size 1024K, 4 young (4096K), 2 survivors (2048K)
 Metaspace       used 30255K, capacity 30534K, committed 30720K, reserved 1077248K
  class space    used 3367K, capacity 3471K, committed 3584K, reserved 1048576K
}
Event: 19.639 GC heap after
{Heap after GC invocations=21 (full 0):
 garbage-first heap   total 254976K, used 150369K [0x0000000081e00000, 0x0000000100000000)
  region size 1024K, 2 young (2048K), 2 survivors (2048K)
 Metaspace       used 30255K, capacity 30534K, committed 30720K, reserved 1077248K
  class space    used 3367K, capacity 3471K, committed 3584K, reserved 1048576K
}
Event: 20.387 GC heap before
{Heap before GC invocations=22 (full 0):
 garbage-first heap   total 283648K, used 168801K [0x0000000081e00000, 0x0000000100000000)
  region size 1024K, 4 young (4096K), 2 survivors (2048K)
 Metaspace       used 30268K, capacity 30534K, committed 30720K, reserved 1077248K
  class space    used 3367K, capacity 3471K, committed 3584K, reserved 1048576K
}
Event: 20.388 GC heap after
{Heap after GC invocations=23 (full 0):
 garbage-first heap   total 283648K, used 168016K [0x0000000081e00000, 0x0000000100000000)
  region size 1024K, 2 young (2048K), 2 survivors (2048K)
 Metaspace       used 30268K, capacity 30534K, committed 30720K, reserved 1077248K
  class space    used 3367K, capacity 3471K, committed 3584K, reserved 1048576K
}

Deoptimization events (20 events):
Event: 3.254 Thread 0x0000016a683fefb0 Uncommon trap: trap_request=0xffffffde fr.pc=0x0000016a75138830 relative=0x00000000000003f0
Event: 3.254 Thread 0x0000016a683fefb0 Uncommon trap: reason=class_check action=maybe_recompile pc=0x0000016a75138830 method=java.util.HashSet.iterator()Ljava/util/Iterator; @ 4 c2
Event: 3.254 Thread 0x0000016a683fefb0 DEOPT PACKING pc=0x0000016a75138830 sp=0x00000055804fccd0
Event: 3.254 Thread 0x0000016a683fefb0 DEOPT UNPACKING pc=0x0000016a6d62e42f sp=0x00000055804fcca0 mode 2
Event: 3.260 Thread 0x0000016a683fefb0 Uncommon trap: trap_request=0xffffffde fr.pc=0x0000016a75138830 relative=0x00000000000003f0
Event: 3.260 Thread 0x0000016a683fefb0 Uncommon trap: reason=class_check action=maybe_recompile pc=0x0000016a75138830 method=java.util.HashSet.iterator()Ljava/util/Iterator; @ 4 c2
Event: 3.260 Thread 0x0000016a683fefb0 DEOPT PACKING pc=0x0000016a75138830 sp=0x00000055804fc600
Event: 3.260 Thread 0x0000016a683fefb0 DEOPT UNPACKING pc=0x0000016a6d62e42f sp=0x00000055804fc5d0 mode 2
Event: 3.261 Thread 0x0000016a683fefb0 Uncommon trap: trap_request=0xffffffde fr.pc=0x0000016a75138830 relative=0x00000000000003f0
Event: 3.261 Thread 0x0000016a683fefb0 Uncommon trap: reason=class_check action=maybe_recompile pc=0x0000016a75138830 method=java.util.HashSet.iterator()Ljava/util/Iterator; @ 4 c2
Event: 3.261 Thread 0x0000016a683fefb0 DEOPT PACKING pc=0x0000016a75138830 sp=0x00000055804fc600
Event: 3.261 Thread 0x0000016a683fefb0 DEOPT UNPACKING pc=0x0000016a6d62e42f sp=0x00000055804fc5d0 mode 2
Event: 3.436 Thread 0x0000016a683fefb0 Uncommon trap: trap_request=0xffffff45 fr.pc=0x0000016a75129414 relative=0x0000000000000ff4
Event: 3.436 Thread 0x0000016a683fefb0 Uncommon trap: reason=unstable_if action=reinterpret pc=0x0000016a75129414 method=java.util.concurrent.ConcurrentHashMap.putVal(Ljava/lang/Object;Ljava/lang/Object;Z)Ljava/lang/Object; @ 231 c2
Event: 3.436 Thread 0x0000016a683fefb0 DEOPT PACKING pc=0x0000016a75129414 sp=0x00000055804f9800
Event: 3.436 Thread 0x0000016a683fefb0 DEOPT UNPACKING pc=0x0000016a6d62e42f sp=0x00000055804f9770 mode 2
Event: 6.962 Thread 0x0000016a061c1ed0 Uncommon trap: trap_request=0xffffff45 fr.pc=0x0000016a7513e2d4 relative=0x00000000000001b4
Event: 6.962 Thread 0x0000016a061c1ed0 Uncommon trap: reason=unstable_if action=reinterpret pc=0x0000016a7513e2d4 method=java.io.ByteArrayInputStream.read()I @ 8 c2
Event: 6.962 Thread 0x0000016a061c1ed0 DEOPT PACKING pc=0x0000016a7513e2d4 sp=0x00000055826fde50
Event: 6.962 Thread 0x0000016a061c1ed0 DEOPT UNPACKING pc=0x0000016a6d62e42f sp=0x00000055826fde08 mode 2

Classes unloaded (0 events):
No events

Classes redefined (0 events):
No events

Internal exceptions (20 events):
Event: 2.483 Thread 0x0000016a683fefb0 Exception <a 'java/lang/NoSuchMethodError'{0x0000000083193e10}: 'int java.lang.invoke.DirectMethodHandle$Holder.invokeSpecialIFC(java.lang.Object, java.lang.Object, java.lang.Object, java.lang.Object)'> (0x0000000083193e10) 
thrown [./open/src/hotspot/share/interpreter/linkResolver.cpp, line 782]
Event: 2.487 Thread 0x0000016a683fefb0 Exception <a 'java/lang/NoSuchMethodError'{0x00000000831a0c58}: 'java.lang.Object java.lang.invoke.DirectMethodHandle$Holder.invokeInterface(java.lang.Object, java.lang.Object, java.lang.Object, java.lang.Object)'> (0x00000000831a0c58) 
thrown [./open/src/hotspot/share/interpreter/linkResolver.cpp, line 782]
Event: 2.491 Thread 0x0000016a683fefb0 Exception <a 'java/lang/NoSuchMethodError'{0x00000000831adf00}: 'void java.lang.invoke.DirectMethodHandle$Holder.invokeInterface(java.lang.Object, java.lang.Object, java.lang.Object)'> (0x00000000831adf00) 
thrown [./open/src/hotspot/share/interpreter/linkResolver.cpp, line 782]
Event: 2.493 Thread 0x0000016a683fefb0 Exception <a 'java/lang/NoSuchMethodError'{0x00000000831b7998}: 'java.lang.Object java.lang.invoke.DirectMethodHandle$Holder.invokeVirtual(java.lang.Object, java.lang.Object, java.lang.Object)'> (0x00000000831b7998) 
thrown [./open/src/hotspot/share/interpreter/linkResolver.cpp, line 782]
Event: 2.501 Thread 0x0000016a683fefb0 Exception <a 'java/lang/NoSuchMethodError'{0x00000000831ed318}: 'void java.lang.invoke.DirectMethodHandle$Holder.invokeStatic(java.lang.Object, java.lang.Object, java.lang.Object)'> (0x00000000831ed318) 
thrown [./open/src/hotspot/share/interpreter/linkResolver.cpp, line 782]
Event: 2.601 Thread 0x0000016a06475ac0 Exception <a 'java/lang/NoSuchMethodError'{0x0000000082e10ed8}: 'void java.lang.invoke.DirectMethodHandle$Holder.invokeStatic(java.lang.Object, long)'> (0x0000000082e10ed8) 
thrown [./open/src/hotspot/share/interpreter/linkResolver.cpp, line 782]
Event: 2.602 Thread 0x0000016a06475ac0 Exception <a 'java/lang/NoSuchMethodError'{0x0000000082e16670}: 'java.lang.Object java.lang.invoke.DirectMethodHandle$Holder.newInvokeSpecial(java.lang.Object, long)'> (0x0000000082e16670) 
thrown [./open/src/hotspot/share/interpreter/linkResolver.cpp, line 782]
Event: 2.605 Thread 0x0000016a06475ac0 Exception <a 'java/lang/NoSuchMethodError'{0x0000000082e20de0}: 'java.lang.Object java.lang.invoke.DirectMethodHandle$Holder.invokeStaticInit(java.lang.Object, java.lang.Object, long, java.lang.Object)'> (0x0000000082e20de0) 
thrown [./open/src/hotspot/share/interpreter/linkResolver.cpp, line 782]
Event: 2.606 Thread 0x0000016a06475ac0 Exception <a 'java/lang/NoSuchMethodError'{0x0000000082e27260}: 'java.lang.Object java.lang.invoke.DirectMethodHandle$Holder.newInvokeSpecial(java.lang.Object, java.lang.Object, long)'> (0x0000000082e27260) 
thrown [./open/src/hotspot/share/interpreter/linkResolver.cpp, line 782]
Event: 2.607 Thread 0x0000016a06475ac0 Exception <a 'java/lang/NoSuchMethodError'{0x0000000082e2afd0}: 'java.lang.Object java.lang.invoke.Invokers$Holder.linkToTargetMethod(java.lang.Object, long, java.lang.Object)'> (0x0000000082e2afd0) 
thrown [./open/src/hotspot/share/interpreter/linkResolver.cpp, line 782]
Event: 3.180 Thread 0x0000016a683fefb0 Exception <a 'java/lang/NoSuchMethodError'{0x0000000082d63b70}: 'double java.lang.invoke.DirectMethodHandle$Holder.invokeVirtual(java.lang.Object, java.lang.Object)'> (0x0000000082d63b70) 
thrown [./open/src/hotspot/share/interpreter/linkResolver.cpp, line 782]
Event: 3.181 Thread 0x0000016a683fefb0 Exception <a 'java/lang/NoSuchMethodError'{0x0000000082d6a950}: 'float java.lang.invoke.DirectMethodHandle$Holder.invokeVirtual(java.lang.Object, java.lang.Object)'> (0x0000000082d6a950) 
thrown [./open/src/hotspot/share/interpreter/linkResolver.cpp, line 782]
Event: 3.182 Thread 0x0000016a683fefb0 Exception <a 'java/lang/NoSuchMethodError'{0x0000000082d74140}: 'long java.lang.invoke.DirectMethodHandle$Holder.invokeVirtual(java.lang.Object, java.lang.Object)'> (0x0000000082d74140) 
thrown [./open/src/hotspot/share/interpreter/linkResolver.cpp, line 782]
Event: 3.231 Thread 0x0000016a683fefb0 Exception <a 'java/lang/NoSuchMethodError'{0x0000000082cc6ef0}: 'void java.lang.invoke.DirectMethodHandle$Holder.invokeSpecial(java.lang.Object, java.lang.Object, java.lang.Object, java.lang.Object, java.lang.Object)'> (0x0000000082cc6ef0) 
thrown [./open/src/hotspot/share/interpreter/linkResolver.cpp, line 782]
Event: 3.233 Thread 0x0000016a683fefb0 Exception <a 'java/lang/NoSuchMethodError'{0x0000000082cce6a0}: 'void java.lang.invoke.DirectMethodHandle$Holder.invokeStatic(java.lang.Object, java.lang.Object, int)'> (0x0000000082cce6a0) 
thrown [./open/src/hotspot/share/interpreter/linkResolver.cpp, line 782]
Event: 3.259 Thread 0x0000016a683fefb0 Exception <a 'java/lang/NoSuchMethodError'{0x0000000082b8e908}: 'java.lang.Object java.lang.invoke.DirectMethodHandle$Holder.newInvokeSpecial(java.lang.Object, java.lang.Object, java.lang.Object, java.lang.Object, java.lang.Object)'> (0x0000000082b8e908) 
thrown [./open/src/hotspot/share/interpreter/linkResolver.cpp, line 782]
Event: 3.289 Thread 0x0000016a683fefb0 Exception <a 'java/lang/NoSuchMethodError'{0x0000000082a687b0}: 'int java.lang.invoke.DirectMethodHandle$Holder.invokeSpecialIFC(java.lang.Object, java.lang.Object, java.lang.Object)'> (0x0000000082a687b0) 
thrown [./open/src/hotspot/share/interpreter/linkResolver.cpp, line 782]
Event: 3.406 Thread 0x0000016a683fefb0 Exception <a 'java/lang/NoSuchMethodError'{0x000000008260a1e8}: 'void java.lang.invoke.DirectMethodHandle$Holder.invokeSpecial(java.lang.Object, java.lang.Object, java.lang.Object, java.lang.Object, java.lang.Object, java.lang.Object)'> (0x000000008260a1e8) 
thrown [./open/src/hotspot/share/interpreter/linkResolver.cpp, line 782]
Event: 6.839 Thread 0x0000016a683fefb0 Exception <a 'java/lang/NoSuchMethodError'{0x0000000088baa950}: 'java.lang.Object java.lang.invoke.DirectMethodHandle$Holder.invokeSpecialIFC(java.lang.Object, java.lang.Object, java.lang.Object)'> (0x0000000088baa950) 
thrown [./open/src/hotspot/share/interpreter/linkResolver.cpp, line 782]
Event: 6.881 Thread 0x0000016a683fefb0 Exception <a 'java/lang/ClassNotFoundException'{0x00000000848a1e60}: sun/util/logging/resources/spi/loggingProvider> (0x00000000848a1e60) 
thrown [./open/src/hotspot/share/classfile/systemDictionary.cpp, line 295]

Events (20 events):
Event: 18.927 Executing VM operation: G1Concurrent
Event: 18.927 Executing VM operation: G1Concurrent done
Event: 18.969 Thread 0x0000016a061c2d40 Thread added: 0x0000016a061c2d40
Event: 19.002 Executing VM operation: G1TryInitiateConcMark
Event: 19.012 Executing VM operation: G1TryInitiateConcMark done
Event: 19.027 Executing VM operation: G1Concurrent
Event: 19.029 Executing VM operation: G1Concurrent done
Event: 19.035 Executing VM operation: G1Concurrent
Event: 19.035 Executing VM operation: G1Concurrent done
Event: 19.615 Thread 0x0000016a061c3bb0 Thread added: 0x0000016a061c3bb0
Event: 19.637 Executing VM operation: G1TryInitiateConcMark
Event: 19.639 Executing VM operation: G1TryInitiateConcMark done
Event: 19.652 Executing VM operation: G1Concurrent
Event: 19.653 Executing VM operation: G1Concurrent done
Event: 19.660 Executing VM operation: G1Concurrent
Event: 19.660 Executing VM operation: G1Concurrent done
Event: 20.367 Thread 0x0000016a061c4550 Thread added: 0x0000016a061c4550
Event: 20.387 Executing VM operation: G1TryInitiateConcMark
Event: 20.388 Executing VM operation: G1TryInitiateConcMark done
Event: 20.401 Executing VM operation: G1Concurrent


Dynamic libraries:
0x00007ff7c4ce0000 - 0x00007ff7c4ced000 	C:\Users\Nourhan\Downloads\eclipse\plugins\org.eclipse.justj.openjdk.hotspot.jre.full.win32.x86_64_15.0.1.v20201027-0507\jre\bin\javaw.exe
0x00007ff903e30000 - 0x00007ff904025000 	C:\WINDOWS\SYSTEM32\ntdll.dll
0x00007ff903630000 - 0x00007ff9036ee000 	C:\WINDOWS\System32\KERNEL32.DLL
0x00007ff901620000 - 0x00007ff9018e8000 	C:\WINDOWS\System32\KERNELBASE.dll
0x00007ff901a30000 - 0x00007ff901b30000 	C:\WINDOWS\System32\ucrtbase.dll
0x00007ff8fe630000 - 0x00007ff8fe649000 	C:\Users\Nourhan\Downloads\eclipse\plugins\org.eclipse.justj.openjdk.hotspot.jre.full.win32.x86_64_15.0.1.v20201027-0507\jre\bin\VCRUNTIME140.dll
0x00007ff8f9fc0000 - 0x00007ff8f9fd8000 	C:\Users\Nourhan\Downloads\eclipse\plugins\org.eclipse.justj.openjdk.hotspot.jre.full.win32.x86_64_15.0.1.v20201027-0507\jre\bin\jli.dll
0x00007ff903790000 - 0x00007ff903930000 	C:\WINDOWS\System32\USER32.dll
0x00007ff900960000 - 0x00007ff900bfa000 	C:\WINDOWS\WinSxS\amd64_microsoft.windows.common-controls_6595b64144ccf1df_6.0.19041.1110_none_60b5254171f9507e\COMCTL32.dll
0x00007ff901e60000 - 0x00007ff901e82000 	C:\WINDOWS\System32\win32u.dll
0x00007ff9036f0000 - 0x00007ff90378e000 	C:\WINDOWS\System32\msvcrt.dll
0x00007ff901fb0000 - 0x00007ff901fdb000 	C:\WINDOWS\System32\GDI32.dll
0x00007ff901d50000 - 0x00007ff901e5b000 	C:\WINDOWS\System32\gdi32full.dll
0x00007ff901580000 - 0x00007ff90161d000 	C:\WINDOWS\System32\msvcp_win.dll
0x00007ff902740000 - 0x00007ff902770000 	C:\WINDOWS\System32\IMM32.DLL
0x00007ff8fa210000 - 0x00007ff8fa21c000 	C:\Users\Nourhan\Downloads\eclipse\plugins\org.eclipse.justj.openjdk.hotspot.jre.full.win32.x86_64_15.0.1.v20201027-0507\jre\bin\vcruntime140_1.dll
0x00007ff8f88c0000 - 0x00007ff8f8951000 	C:\Users\Nourhan\Downloads\eclipse\plugins\org.eclipse.justj.openjdk.hotspot.jre.full.win32.x86_64_15.0.1.v20201027-0507\jre\bin\msvcp140.dll
0x00007ff8c3d80000 - 0x00007ff8c48de000 	C:\Users\Nourhan\Downloads\eclipse\plugins\org.eclipse.justj.openjdk.hotspot.jre.full.win32.x86_64_15.0.1.v20201027-0507\jre\bin\server\jvm.dll
0x00007ff902080000 - 0x00007ff90212e000 	C:\WINDOWS\System32\ADVAPI32.dll
0x00007ff902640000 - 0x00007ff9026dc000 	C:\WINDOWS\System32\sechost.dll
0x00007ff903b10000 - 0x00007ff903c35000 	C:\WINDOWS\System32\RPCRT4.dll
0x00007ff902070000 - 0x00007ff902078000 	C:\WINDOWS\System32\PSAPI.DLL
0x00007ff8dfeb0000 - 0x00007ff8dfed7000 	C:\WINDOWS\SYSTEM32\WINMM.dll
0x00007ff8f8800000 - 0x00007ff8f880a000 	C:\WINDOWS\SYSTEM32\VERSION.dll
0x00007ff8e6cd0000 - 0x00007ff8e6cd9000 	C:\WINDOWS\SYSTEM32\WSOCK32.dll
0x00007ff903240000 - 0x00007ff9032ab000 	C:\WINDOWS\System32\WS2_32.dll
0x00007ff8ff7a0000 - 0x00007ff8ff7b2000 	C:\WINDOWS\SYSTEM32\kernel.appcore.dll
0x00007ff8fa100000 - 0x00007ff8fa10a000 	C:\Users\Nourhan\Downloads\eclipse\plugins\org.eclipse.justj.openjdk.hotspot.jre.full.win32.x86_64_15.0.1.v20201027-0507\jre\bin\jimage.dll
0x00007ff900ef0000 - 0x00007ff9010d4000 	C:\WINDOWS\SYSTEM32\DBGHELP.DLL
0x00007ff900ec0000 - 0x00007ff900eec000 	C:\WINDOWS\SYSTEM32\dbgcore.DLL
0x00007ff9018f0000 - 0x00007ff901972000 	C:\WINDOWS\System32\bcryptPrimitives.dll
0x00007ff8f9f90000 - 0x00007ff8f9fb5000 	C:\Users\Nourhan\Downloads\eclipse\plugins\org.eclipse.justj.openjdk.hotspot.jre.full.win32.x86_64_15.0.1.v20201027-0507\jre\bin\java.dll
0x00007ff8f8180000 - 0x00007ff8f8198000 	C:\Users\Nourhan\Downloads\eclipse\plugins\org.eclipse.justj.openjdk.hotspot.jre.full.win32.x86_64_15.0.1.v20201027-0507\jre\bin\zip.dll
0x00007ff902ae0000 - 0x00007ff903224000 	C:\WINDOWS\System32\SHELL32.dll
0x00007ff8fef00000 - 0x00007ff8ff694000 	C:\WINDOWS\SYSTEM32\windows.storage.dll
0x00007ff902780000 - 0x00007ff902ad4000 	C:\WINDOWS\System32\combase.dll
0x00007ff9008c0000 - 0x00007ff9008ec000 	C:\WINDOWS\SYSTEM32\Wldp.dll
0x00007ff903520000 - 0x00007ff9035cd000 	C:\WINDOWS\System32\SHCORE.dll
0x00007ff9032b0000 - 0x00007ff903305000 	C:\WINDOWS\System32\shlwapi.dll
0x00007ff901490000 - 0x00007ff9014af000 	C:\WINDOWS\SYSTEM32\profapi.dll
0x00007ff8f8160000 - 0x00007ff8f8179000 	C:\Users\Nourhan\Downloads\eclipse\plugins\org.eclipse.justj.openjdk.hotspot.jre.full.win32.x86_64_15.0.1.v20201027-0507\jre\bin\net.dll
0x00007ff8edf00000 - 0x00007ff8ee009000 	C:\WINDOWS\SYSTEM32\WINHTTP.dll
0x00007ff900610000 - 0x00007ff90067a000 	C:\WINDOWS\system32\mswsock.dll
0x00007ff8f8140000 - 0x00007ff8f8152000 	C:\Users\Nourhan\Downloads\eclipse\plugins\org.eclipse.justj.openjdk.hotspot.jre.full.win32.x86_64_15.0.1.v20201027-0507\jre\bin\nio.dll
0x00007ff900350000 - 0x00007ff90041a000 	C:\WINDOWS\SYSTEM32\DNSAPI.dll
0x00007ff900310000 - 0x00007ff90034b000 	C:\WINDOWS\SYSTEM32\IPHLPAPI.DLL
0x00007ff902770000 - 0x00007ff902778000 	C:\WINDOWS\System32\NSI.dll
0x00007ff8ed7a0000 - 0x00007ff8ed81f000 	C:\WINDOWS\System32\fwpuclnt.dll
0x00007ff901550000 - 0x00007ff901577000 	C:\WINDOWS\System32\bcrypt.dll
0x00007ff8f75d0000 - 0x00007ff8f75da000 	C:\Windows\System32\rasadhlp.dll
0x00007ff9012d0000 - 0x00007ff9012e8000 	C:\WINDOWS\SYSTEM32\CRYPTSP.dll
0x00007ff8fffc0000 - 0x00007ff8ffff4000 	C:\WINDOWS\system32\rsaenh.dll
0x00007ff901450000 - 0x00007ff90147e000 	C:\WINDOWS\SYSTEM32\USERENV.dll
0x00007ff900700000 - 0x00007ff90070c000 	C:\WINDOWS\SYSTEM32\CRYPTBASE.dll
0x00007ff8f7500000 - 0x00007ff8f7517000 	C:\WINDOWS\SYSTEM32\dhcpcsvc6.DLL
0x00007ff8f5520000 - 0x00007ff8f553d000 	C:\WINDOWS\SYSTEM32\dhcpcsvc.DLL
0x00007ff8f9f80000 - 0x00007ff8f9f90000 	C:\Users\Nourhan\Downloads\eclipse\plugins\org.eclipse.justj.openjdk.hotspot.jre.full.win32.x86_64_15.0.1.v20201027-0507\jre\bin\verify.dll
0x00007ff8f8130000 - 0x00007ff8f8139000 	C:\Users\Nourhan\Downloads\eclipse\plugins\org.eclipse.justj.openjdk.hotspot.jre.full.win32.x86_64_15.0.1.v20201027-0507\jre\bin\management.dll
0x00007ff8f6b70000 - 0x00007ff8f6b7b000 	C:\Users\Nourhan\Downloads\eclipse\plugins\org.eclipse.justj.openjdk.hotspot.jre.full.win32.x86_64_15.0.1.v20201027-0507\jre\bin\management_ext.dll
0x00007ff8f6b00000 - 0x00007ff8f6b0d000 	C:\Users\Nourhan\Downloads\eclipse\plugins\org.eclipse.justj.openjdk.hotspot.jre.full.win32.x86_64_15.0.1.v20201027-0507\jre\bin\sunmscapi.dll
0x00007ff901b30000 - 0x00007ff901c86000 	C:\WINDOWS\System32\CRYPT32.dll
0x00007ff900930000 - 0x00007ff900957000 	C:\WINDOWS\SYSTEM32\ncrypt.dll
0x00007ff9008f0000 - 0x00007ff90092b000 	C:\WINDOWS\SYSTEM32\NTASN1.dll
0x00007ff8df560000 - 0x00007ff8df577000 	C:\WINDOWS\system32\napinsp.dll
0x00007ff8df490000 - 0x00007ff8df4ab000 	C:\WINDOWS\system32\pnrpnsp.dll
0x00007ff8fb2a0000 - 0x00007ff8fb2b5000 	C:\WINDOWS\system32\wshbth.dll
0x00007ff8fc4a0000 - 0x00007ff8fc4bd000 	C:\WINDOWS\system32\NLAapi.dll
0x00007ff8df420000 - 0x00007ff8df432000 	C:\WINDOWS\System32\winrnr.dll

dbghelp: loaded successfully - version: 4.0.5 - missing functions: none
symbol engine: initialized successfully - sym options: 0x614 - pdb path: .;C:\Users\Nourhan\Downloads\eclipse\plugins\org.eclipse.justj.openjdk.hotspot.jre.full.win32.x86_64_15.0.1.v20201027-0507\jre\bin;C:\WINDOWS\SYSTEM32;C:\WINDOWS\WinSxS\amd64_microsoft.windows.common-controls_6595b64144ccf1df_6.0.19041.1110_none_60b5254171f9507e;C:\Users\Nourhan\Downloads\eclipse\plugins\org.eclipse.justj.openjdk.hotspot.jre.full.win32.x86_64_15.0.1.v20201027-0507\jre\bin\server

VM Arguments:
jvm_args: -ea -Dfile.encoding=Cp1252 -Djava.net.preferIPv4Stack=true 
java_command: org.testng.remote.RemoteTestNG -serport 54012 -protocol json -d C:\Nourhan\selenium_Demo_task\task\test-output C:\Users\Nourhan\AppData\Local\Temp\testng-eclipse--931384234\testng-customsuite.xml
java_class_path (initial): C:\Users\Nourhan\Downloads\New\eclipse\configuration\org.eclipse.osgi\983\0\.cp\lib\testng-remote.jar;C:\Nourhan\selenium_Demo_task\task\target\test-classes;C:\Nourhan\selenium_Demo_task\task\target\classes;C:\Users\Nourhan\.m2\repository\org\seleniumhq\selenium\selenium-java\4.1.2\selenium-java-4.1.2.jar;C:\Users\Nourhan\.m2\repository\org\seleniumhq\selenium\selenium-api\4.1.2\selenium-api-4.1.2.jar;C:\Users\Nourhan\.m2\repository\org\seleniumhq\selenium\selenium-chrome-driver\4.1.2\selenium-chrome-driver-4.1.2.jar;C:\Users\Nourhan\.m2\repository\com\google\auto\service\auto-service-annotations\1.0.1\auto-service-annotations-1.0.1.jar;C:\Users\Nourhan\.m2\repository\com\google\auto\service\auto-service\1.0.1\auto-service-1.0.1.jar;C:\Users\Nourhan\.m2\repository\com\google\auto\auto-common\1.2\auto-common-1.2.jar;C:\Users\Nourhan\.m2\repository\com\google\guava\guava\31.0.1-jre\guava-31.0.1-jre.jar;C:\Users\Nourhan\.m2\repository\com\google\guava\failureaccess\1.0.1\failureaccess-1.0.1.jar;C:\Users\Nourhan\.m2\repository\com\google\guava\listenablefuture\9999.0-empty-to-avoid-conflict-with-guava\listenablefuture-9999.0-empty-to-avoid-conflict-with-guava.jar;C:\Users\Nourhan\.m2\repository\com\google\code\findbugs\jsr305\3.0.2\jsr305-3.0.2.jar;C:\Users\Nourhan\.m2\repository\org\checkerframework\checker-qual\3.12.0\checker-qual-3.12.0.jar;C:\Users\Nourhan\.m2\repository\com\google\errorprone\error_prone_annotations\2.7.1\error_prone_annotations-2.7.1.jar;C:\Users\Nourhan\.m2\repository\com\google\j2objc\j2objc-annotations\1.3\j2objc-annotations-1.3.jar;C:\Users\Nourhan\.m2\repository\org\seleniumhq\selenium\selenium-chromium-driver\4.1.2\selenium-chromium-driver-4.1.2.jar;C:\Users\Nourhan\.m2\repository\org\seleniumhq\selenium\selenium-json\4.1.2\selenium-json-4.1.2.jar;C:\Users\Nourhan\.m2\repository\org\seleniumhq\selenium\selenium-devtools-v85\4.1.2\selenium-devtools-v85-4.1.2.jar;C:\Users\Nourhan\.m2\repository\org\seleniumhq\seleni
Launcher Type: SUN_STANDARD

[Global flags]
     intx CICompilerCount                          = 4                                         {product} {ergonomic}
     uint ConcGCThreads                            = 2                                         {product} {ergonomic}
     uint G1ConcRefinementThreads                  = 8                                         {product} {ergonomic}
   size_t G1HeapRegionSize                         = 1048576                                   {product} {ergonomic}
    uintx GCDrainStackTargetSize                   = 64                                        {product} {ergonomic}
   size_t InitialHeapSize                          = 134217728                                 {product} {ergonomic}
   size_t MarkStackSize                            = 4194304                                   {product} {ergonomic}
   size_t MaxHeapSize                              = 2116026368                                {product} {ergonomic}
   size_t MaxNewSize                               = 1268776960                                {product} {ergonomic}
   size_t MinHeapDeltaBytes                        = 1048576                                   {product} {ergonomic}
   size_t MinHeapSize                              = 8388608                                   {product} {ergonomic}
    uintx NonNMethodCodeHeapSize                   = 5839372                                {pd product} {ergonomic}
    uintx NonProfiledCodeHeapSize                  = 122909434                              {pd product} {ergonomic}
    uintx ProfiledCodeHeapSize                     = 122909434                              {pd product} {ergonomic}
    uintx ReservedCodeCacheSize                    = 251658240                              {pd product} {ergonomic}
     bool SegmentedCodeCache                       = true                                      {product} {ergonomic}
   size_t SoftMaxHeapSize                          = 2116026368                             {manageable} {ergonomic}
     bool UseCompressedClassPointers               = true                                 {lp64_product} {ergonomic}
     bool UseCompressedOops                        = true                                 {lp64_product} {ergonomic}
     bool UseG1GC                                  = true                                      {product} {ergonomic}
     bool UseLargePagesIndividualAllocation        = false                                  {pd product} {ergonomic}

Logging:
Log output configuration:
 #0: stdout all=warning uptime,level,tags
 #1: stderr all=off uptime,level,tags

Environment Variables:
JAVA_HOME=C:\Program Files\Java\jdk-15.0.1
_JAVA_OPTIONS=-Djava.net.preferIPv4Stack=true
PATH=C:/Program Files/Java/jre1.8.0_251/bin/server;C:/Program Files/Java/jre1.8.0_251/bin;C:/Program Files/Java/jre1.8.0_251/lib/amd64;C:\Program Files (x86)\Common Files\Oracle\Java\javapath;C:\Program Files\Common Files\Oracle\Java\javapath;C:\WINDOWS\system32;C:\WINDOWS;C:\WINDOWS\System32\Wbem;C:\WINDOWS\System32\WindowsPowerShell\v1.0\;C:\WINDOWS\System32\OpenSSH\;C:\Program Files\Java\jdk-15.0.1;C:\Users\Nourhan\AppData\Local\Android\Sdk\platform-tools;C:\Users\Nourhan\AppData\Local\Android\Sdk\tools;C:\Program Files\Java\jdk-15.0.1\bin;C:\apache-maven-3.6.3\bin;C:\Users\Nourhan\AppData\Local\Microsoft\WindowsApps;C:\Program Files\Java\jdk-15.0.1;C:\Users\Nourhan\AppData\Local\Programs\Microsoft VS Code\bin;C:\Users\Nourhan\AppData\Local\atom\bin;C:\Users\Nourhan\Downloads\New\eclipse;
USERNAME=Nourhan
OS=Windows_NT
PROCESSOR_IDENTIFIER=Intel64 Family 6 Model 142 Stepping 12, GenuineIntel



---------------  S Y S T E M  ---------------

OS:
 Windows 10 , 64 bit Build 19041 (10.0.19041.1566)
OS uptime: 1 days 1:20 hours

CPU: total 8 (initial active 8) (4 cores per cpu, 2 threads per core) family 6 model 142 stepping 12 microcode 0xb8, cmov, cx8, fxsr, mmx, sse, sse2, sse3, ssse3, sse4.1, sse4.2, popcnt, vzeroupper, avx, avx2, aes, clmul, erms, 3dnowpref, lzcnt, ht, tsc, tscinvbit, bmi1, bmi2, adx, fma, clflush, clflushopt

Memory: 4k page, system-wide physical 8071M (1034M free)
TotalPageFile size 18311M (AvailPageFile size 15M)
current process WorkingSet (physical memory assigned to process): 447M, peak: 447M
current process commit charge ("private bytes"): 579M, peak: 607M

vm_info: OpenJDK 64-Bit Server VM (15.0.1+9-18) for windows-amd64 JRE (15.0.1+9-18), built on Sep 15 2020 14:39:31 by "mach5one" with unknown MS VC++:1925

END.
